{"C:\\Users\\user\\Desktop\\Final SEP\\Covid-Patient-tracker--App\\dev.config.js": {"path":"C:\\Users\\user\\Desktop\\Final SEP\\Covid-Patient-tracker--App\\dev.config.js","statementMap":{"0":{"start":{"line":1,"column":0},"end":{"line":4,"column":3}}},"fnMap":{},"branchMap":{},"s":{"0":1},"f":{},"b":{},"_coverageSchema":"1a1c01bbd47fc00a2c39e90264f33305004495a9","hash":"8b0ff1fa560cab443b67f080ac46b1266182f9a4"}
,"C:\\Users\\user\\Desktop\\Final SEP\\Covid-Patient-tracker--App\\assets\\logo.png": {"path":"C:\\Users\\user\\Desktop\\Final SEP\\Covid-Patient-tracker--App\\assets\\logo.png","statementMap":{"0":{"start":{"line":1,"column":0},"end":{"line":1,"column":19}}},"fnMap":{},"branchMap":{},"s":{"0":1},"f":{},"b":{},"inputSourceMap":null,"_coverageSchema":"1a1c01bbd47fc00a2c39e90264f33305004495a9","hash":"a6e5b4cad4eddd73d34402df32713fa6c90daa93"}
,"C:\\Users\\user\\Desktop\\Final SEP\\Covid-Patient-tracker--App\\components\\context.js": {"path":"C:\\Users\\user\\Desktop\\Final SEP\\Covid-Patient-tracker--App\\components\\context.js","statementMap":{"0":{"start":{"line":3,"column":27},"end":{"line":3,"column":48}}},"fnMap":{},"branchMap":{},"s":{"0":1},"f":{},"b":{},"_coverageSchema":"1a1c01bbd47fc00a2c39e90264f33305004495a9","hash":"33755791edde674972072c42923ea1e737a1b58a"}
,"C:\\Users\\user\\Desktop\\Final SEP\\Covid-Patient-tracker--App\\screens\\Homepage.js": {"path":"C:\\Users\\user\\Desktop\\Final SEP\\Covid-Patient-tracker--App\\screens\\Homepage.js","statementMap":{"0":{"start":{"line":18,"column":2},"end":{"line":44,"column":4}},"1":{"start":{"line":36,"column":27},"end":{"line":36,"column":56}},"2":{"start":{"line":47,"column":18},"end":{"line":58,"column":1}},"3":{"start":{"line":48,"column":2},"end":{"line":57,"column":21}},"4":{"start":{"line":60,"column":15},"end":{"line":116,"column":2}}},"fnMap":{"0":{"name":"Homepage","decl":{"start":{"line":13,"column":9},"end":{"line":13,"column":17}},"loc":{"start":{"line":13,"column":34},"end":{"line":45,"column":1}},"line":13},"1":{"name":"(anonymous_1)","decl":{"start":{"line":36,"column":21},"end":{"line":36,"column":22}},"loc":{"start":{"line":36,"column":27},"end":{"line":36,"column":56}},"line":36},"2":{"name":"(anonymous_2)","decl":{"start":{"line":47,"column":18},"end":{"line":47,"column":19}},"loc":{"start":{"line":48,"column":2},"end":{"line":57,"column":21}},"line":48}},"branchMap":{},"s":{"0":1,"1":1,"2":1,"3":1,"4":1},"f":{"0":1,"1":1,"2":1},"b":{},"_coverageSchema":"1a1c01bbd47fc00a2c39e90264f33305004495a9","hash":"23bdc3cf5b2f25c910c5bc4ed56a235628acf584"}
,"C:\\Users\\user\\Desktop\\Final SEP\\Covid-Patient-tracker--App\\screens\\Signin.js": {"path":"C:\\Users\\user\\Desktop\\Final SEP\\Covid-Patient-tracker--App\\screens\\Signin.js","statementMap":{"0":{"start":{"line":18,"column":15},"end":{"line":141,"column":1}},"1":{"start":{"line":19,"column":28},"end":{"line":19,"column":40}},"2":{"start":{"line":20,"column":34},"end":{"line":20,"column":46}},"3":{"start":{"line":21,"column":36},"end":{"line":21,"column":48}},"4":{"start":{"line":23,"column":20},"end":{"line":27,"column":3}},"5":{"start":{"line":24,"column":4},"end":{"line":26,"column":23}},"6":{"start":{"line":29,"column":26},"end":{"line":29,"column":55}},"7":{"start":{"line":30,"column":26},"end":{"line":33,"column":4}},"8":{"start":{"line":35,"column":32},"end":{"line":40,"column":3}},"9":{"start":{"line":36,"column":4},"end":{"line":39,"column":7}},"10":{"start":{"line":42,"column":17},"end":{"line":72,"column":3}},"11":{"start":{"line":43,"column":16},"end":{"line":43,"column":40}},"12":{"start":{"line":45,"column":4},"end":{"line":71,"column":5}},"13":{"start":{"line":46,"column":18},"end":{"line":56,"column":8}},"14":{"start":{"line":57,"column":23},"end":{"line":57,"column":39}},"15":{"start":{"line":59,"column":6},"end":{"line":66,"column":7}},"16":{"start":{"line":60,"column":8},"end":{"line":60,"column":26}},"17":{"start":{"line":62,"column":8},"end":{"line":65,"column":9}},"18":{"start":{"line":63,"column":14},"end":{"line":63,"column":47}},"19":{"start":{"line":68,"column":6},"end":{"line":70,"column":9}},"20":{"start":{"line":74,"column":28},"end":{"line":85,"column":3}},"21":{"start":{"line":75,"column":4},"end":{"line":75,"column":21}},"22":{"start":{"line":76,"column":4},"end":{"line":79,"column":5}},"23":{"start":{"line":77,"column":6},"end":{"line":77,"column":38}},"24":{"start":{"line":78,"column":6},"end":{"line":78,"column":13}},"25":{"start":{"line":80,"column":4},"end":{"line":83,"column":5}},"26":{"start":{"line":81,"column":6},"end":{"line":81,"column":41}},"27":{"start":{"line":82,"column":6},"end":{"line":82,"column":13}},"28":{"start":{"line":84,"column":4},"end":{"line":84,"column":13}},"29":{"start":{"line":87,"column":2},"end":{"line":140,"column":4}},"30":{"start":{"line":103,"column":37},"end":{"line":103,"column":52}},"31":{"start":{"line":117,"column":40},"end":{"line":117,"column":61}},"32":{"start":{"line":146,"column":15},"end":{"line":237,"column":2}}},"fnMap":{"0":{"name":"(anonymous_0)","decl":{"start":{"line":18,"column":15},"end":{"line":18,"column":16}},"loc":{"start":{"line":18,"column":34},"end":{"line":141,"column":1}},"line":18},"1":{"name":"(anonymous_1)","decl":{"start":{"line":23,"column":20},"end":{"line":23,"column":21}},"loc":{"start":{"line":24,"column":4},"end":{"line":26,"column":23}},"line":24},"2":{"name":"(anonymous_2)","decl":{"start":{"line":35,"column":32},"end":{"line":35,"column":33}},"loc":{"start":{"line":35,"column":38},"end":{"line":40,"column":3}},"line":35},"3":{"name":"(anonymous_3)","decl":{"start":{"line":42,"column":17},"end":{"line":42,"column":18}},"loc":{"start":{"line":42,"column":29},"end":{"line":72,"column":3}},"line":42},"4":{"name":"(anonymous_4)","decl":{"start":{"line":74,"column":28},"end":{"line":74,"column":29}},"loc":{"start":{"line":74,"column":34},"end":{"line":85,"column":3}},"line":74},"5":{"name":"(anonymous_5)","decl":{"start":{"line":103,"column":26},"end":{"line":103,"column":27}},"loc":{"start":{"line":103,"column":37},"end":{"line":103,"column":52}},"line":103},"6":{"name":"(anonymous_6)","decl":{"start":{"line":117,"column":26},"end":{"line":117,"column":27}},"loc":{"start":{"line":117,"column":40},"end":{"line":117,"column":61}},"line":117}},"branchMap":{"0":{"loc":{"start":{"line":59,"column":6},"end":{"line":66,"column":7}},"type":"if","locations":[{"start":{"line":59,"column":6},"end":{"line":66,"column":7}},{"start":{"line":61,"column":13},"end":{"line":66,"column":7}}],"line":59},"1":{"loc":{"start":{"line":62,"column":8},"end":{"line":65,"column":9}},"type":"if","locations":[{"start":{"line":62,"column":8},"end":{"line":65,"column":9}},{"start":{},"end":{}}],"line":62},"2":{"loc":{"start":{"line":76,"column":4},"end":{"line":79,"column":5}},"type":"if","locations":[{"start":{"line":76,"column":4},"end":{"line":79,"column":5}},{"start":{},"end":{}}],"line":76},"3":{"loc":{"start":{"line":80,"column":4},"end":{"line":83,"column":5}},"type":"if","locations":[{"start":{"line":80,"column":4},"end":{"line":83,"column":5}},{"start":{},"end":{}}],"line":80},"4":{"loc":{"start":{"line":113,"column":29},"end":{"line":113,"column":64}},"type":"cond-expr","locations":[{"start":{"line":113,"column":52},"end":{"line":113,"column":56}},{"start":{"line":113,"column":59},"end":{"line":113,"column":64}}],"line":113},"5":{"loc":{"start":{"line":121,"column":13},"end":{"line":125,"column":13}},"type":"cond-expr","locations":[{"start":{"line":122,"column":14},"end":{"line":122,"column":63}},{"start":{"line":124,"column":14},"end":{"line":124,"column":62}}],"line":121}},"s":{"0":1,"1":5,"2":5,"3":5,"4":5,"5":3,"6":5,"7":5,"8":5,"9":0,"10":5,"11":1,"12":1,"13":1,"14":0,"15":0,"16":0,"17":0,"18":0,"19":1,"20":5,"21":3,"22":3,"23":1,"24":1,"25":2,"26":1,"27":1,"28":1,"29":5,"30":2,"31":1,"32":1},"f":{"0":5,"1":3,"2":0,"3":1,"4":3,"5":2,"6":1},"b":{"0":[0,0],"1":[0,0],"2":[1,2],"3":[1,1],"4":[5,0],"5":[5,0]},"_coverageSchema":"1a1c01bbd47fc00a2c39e90264f33305004495a9","hash":"bc4993b2040702aace49c6b4b095c8c045fe38f0"}
}
