{"C:\\Users\\user\\Desktop\\Final SEP\\Covid-Patient-tracker--App\\dev.config.js": {"path":"C:\\Users\\user\\Desktop\\Final SEP\\Covid-Patient-tracker--App\\dev.config.js","statementMap":{"0":{"start":{"line":1,"column":0},"end":{"line":4,"column":3}}},"fnMap":{},"branchMap":{},"s":{"0":11},"f":{},"b":{},"_coverageSchema":"1a1c01bbd47fc00a2c39e90264f33305004495a9","hash":"8b0ff1fa560cab443b67f080ac46b1266182f9a4"}
,"C:\\Users\\user\\Desktop\\Final SEP\\Covid-Patient-tracker--App\\assets\\logo.png": {"path":"C:\\Users\\user\\Desktop\\Final SEP\\Covid-Patient-tracker--App\\assets\\logo.png","statementMap":{"0":{"start":{"line":1,"column":0},"end":{"line":1,"column":19}}},"fnMap":{},"branchMap":{},"s":{"0":1},"f":{},"b":{},"inputSourceMap":null,"_coverageSchema":"1a1c01bbd47fc00a2c39e90264f33305004495a9","hash":"a6e5b4cad4eddd73d34402df32713fa6c90daa93"}
,"C:\\Users\\user\\Desktop\\Final SEP\\Covid-Patient-tracker--App\\components\\context.js": {"path":"C:\\Users\\user\\Desktop\\Final SEP\\Covid-Patient-tracker--App\\components\\context.js","statementMap":{"0":{"start":{"line":3,"column":27},"end":{"line":3,"column":48}}},"fnMap":{},"branchMap":{},"s":{"0":11},"f":{},"b":{},"_coverageSchema":"1a1c01bbd47fc00a2c39e90264f33305004495a9","hash":"33755791edde674972072c42923ea1e737a1b58a"}
,"C:\\Users\\user\\Desktop\\Final SEP\\Covid-Patient-tracker--App\\screens\\Homepage.js": {"path":"C:\\Users\\user\\Desktop\\Final SEP\\Covid-Patient-tracker--App\\screens\\Homepage.js","statementMap":{"0":{"start":{"line":18,"column":2},"end":{"line":44,"column":4}},"1":{"start":{"line":36,"column":27},"end":{"line":36,"column":56}},"2":{"start":{"line":47,"column":18},"end":{"line":58,"column":1}},"3":{"start":{"line":48,"column":2},"end":{"line":57,"column":21}},"4":{"start":{"line":60,"column":15},"end":{"line":116,"column":2}}},"fnMap":{"0":{"name":"Homepage","decl":{"start":{"line":13,"column":9},"end":{"line":13,"column":17}},"loc":{"start":{"line":13,"column":34},"end":{"line":45,"column":1}},"line":13},"1":{"name":"(anonymous_1)","decl":{"start":{"line":36,"column":21},"end":{"line":36,"column":22}},"loc":{"start":{"line":36,"column":27},"end":{"line":36,"column":56}},"line":36},"2":{"name":"(anonymous_2)","decl":{"start":{"line":47,"column":18},"end":{"line":47,"column":19}},"loc":{"start":{"line":48,"column":2},"end":{"line":57,"column":21}},"line":48}},"branchMap":{},"s":{"0":1,"1":1,"2":1,"3":1,"4":1},"f":{"0":1,"1":1,"2":1},"b":{},"_coverageSchema":"1a1c01bbd47fc00a2c39e90264f33305004495a9","hash":"23bdc3cf5b2f25c910c5bc4ed56a235628acf584"}
,"C:\\Users\\user\\Desktop\\Final SEP\\Covid-Patient-tracker--App\\screens\\Signin.js": {"path":"C:\\Users\\user\\Desktop\\Final SEP\\Covid-Patient-tracker--App\\screens\\Signin.js","statementMap":{"0":{"start":{"line":18,"column":15},"end":{"line":141,"column":1}},"1":{"start":{"line":19,"column":28},"end":{"line":19,"column":40}},"2":{"start":{"line":20,"column":34},"end":{"line":20,"column":46}},"3":{"start":{"line":21,"column":36},"end":{"line":21,"column":48}},"4":{"start":{"line":23,"column":20},"end":{"line":27,"column":3}},"5":{"start":{"line":24,"column":4},"end":{"line":26,"column":23}},"6":{"start":{"line":29,"column":26},"end":{"line":29,"column":55}},"7":{"start":{"line":30,"column":26},"end":{"line":33,"column":4}},"8":{"start":{"line":35,"column":32},"end":{"line":40,"column":3}},"9":{"start":{"line":36,"column":4},"end":{"line":39,"column":7}},"10":{"start":{"line":42,"column":17},"end":{"line":72,"column":3}},"11":{"start":{"line":43,"column":16},"end":{"line":43,"column":40}},"12":{"start":{"line":45,"column":4},"end":{"line":71,"column":5}},"13":{"start":{"line":46,"column":18},"end":{"line":56,"column":8}},"14":{"start":{"line":57,"column":23},"end":{"line":57,"column":39}},"15":{"start":{"line":59,"column":6},"end":{"line":66,"column":7}},"16":{"start":{"line":60,"column":8},"end":{"line":60,"column":26}},"17":{"start":{"line":62,"column":8},"end":{"line":65,"column":9}},"18":{"start":{"line":63,"column":14},"end":{"line":63,"column":47}},"19":{"start":{"line":68,"column":6},"end":{"line":70,"column":9}},"20":{"start":{"line":74,"column":28},"end":{"line":85,"column":3}},"21":{"start":{"line":75,"column":4},"end":{"line":75,"column":21}},"22":{"start":{"line":76,"column":4},"end":{"line":79,"column":5}},"23":{"start":{"line":77,"column":6},"end":{"line":77,"column":38}},"24":{"start":{"line":78,"column":6},"end":{"line":78,"column":13}},"25":{"start":{"line":80,"column":4},"end":{"line":83,"column":5}},"26":{"start":{"line":81,"column":6},"end":{"line":81,"column":41}},"27":{"start":{"line":82,"column":6},"end":{"line":82,"column":13}},"28":{"start":{"line":84,"column":4},"end":{"line":84,"column":13}},"29":{"start":{"line":87,"column":2},"end":{"line":140,"column":4}},"30":{"start":{"line":103,"column":37},"end":{"line":103,"column":52}},"31":{"start":{"line":117,"column":40},"end":{"line":117,"column":61}},"32":{"start":{"line":146,"column":15},"end":{"line":237,"column":2}}},"fnMap":{"0":{"name":"(anonymous_0)","decl":{"start":{"line":18,"column":15},"end":{"line":18,"column":16}},"loc":{"start":{"line":18,"column":34},"end":{"line":141,"column":1}},"line":18},"1":{"name":"(anonymous_1)","decl":{"start":{"line":23,"column":20},"end":{"line":23,"column":21}},"loc":{"start":{"line":24,"column":4},"end":{"line":26,"column":23}},"line":24},"2":{"name":"(anonymous_2)","decl":{"start":{"line":35,"column":32},"end":{"line":35,"column":33}},"loc":{"start":{"line":35,"column":38},"end":{"line":40,"column":3}},"line":35},"3":{"name":"(anonymous_3)","decl":{"start":{"line":42,"column":17},"end":{"line":42,"column":18}},"loc":{"start":{"line":42,"column":29},"end":{"line":72,"column":3}},"line":42},"4":{"name":"(anonymous_4)","decl":{"start":{"line":74,"column":28},"end":{"line":74,"column":29}},"loc":{"start":{"line":74,"column":34},"end":{"line":85,"column":3}},"line":74},"5":{"name":"(anonymous_5)","decl":{"start":{"line":103,"column":26},"end":{"line":103,"column":27}},"loc":{"start":{"line":103,"column":37},"end":{"line":103,"column":52}},"line":103},"6":{"name":"(anonymous_6)","decl":{"start":{"line":117,"column":26},"end":{"line":117,"column":27}},"loc":{"start":{"line":117,"column":40},"end":{"line":117,"column":61}},"line":117}},"branchMap":{"0":{"loc":{"start":{"line":59,"column":6},"end":{"line":66,"column":7}},"type":"if","locations":[{"start":{"line":59,"column":6},"end":{"line":66,"column":7}},{"start":{"line":61,"column":13},"end":{"line":66,"column":7}}],"line":59},"1":{"loc":{"start":{"line":62,"column":8},"end":{"line":65,"column":9}},"type":"if","locations":[{"start":{"line":62,"column":8},"end":{"line":65,"column":9}},{"start":{},"end":{}}],"line":62},"2":{"loc":{"start":{"line":76,"column":4},"end":{"line":79,"column":5}},"type":"if","locations":[{"start":{"line":76,"column":4},"end":{"line":79,"column":5}},{"start":{},"end":{}}],"line":76},"3":{"loc":{"start":{"line":80,"column":4},"end":{"line":83,"column":5}},"type":"if","locations":[{"start":{"line":80,"column":4},"end":{"line":83,"column":5}},{"start":{},"end":{}}],"line":80},"4":{"loc":{"start":{"line":113,"column":29},"end":{"line":113,"column":64}},"type":"cond-expr","locations":[{"start":{"line":113,"column":52},"end":{"line":113,"column":56}},{"start":{"line":113,"column":59},"end":{"line":113,"column":64}}],"line":113},"5":{"loc":{"start":{"line":121,"column":13},"end":{"line":125,"column":13}},"type":"cond-expr","locations":[{"start":{"line":122,"column":14},"end":{"line":122,"column":63}},{"start":{"line":124,"column":14},"end":{"line":124,"column":62}}],"line":121}},"s":{"0":1,"1":5,"2":5,"3":5,"4":5,"5":3,"6":5,"7":5,"8":5,"9":0,"10":5,"11":1,"12":1,"13":1,"14":0,"15":0,"16":0,"17":0,"18":0,"19":1,"20":5,"21":3,"22":3,"23":1,"24":1,"25":2,"26":1,"27":1,"28":1,"29":5,"30":2,"31":1,"32":1},"f":{"0":5,"1":3,"2":0,"3":1,"4":3,"5":2,"6":1},"b":{"0":[0,0],"1":[0,0],"2":[1,2],"3":[1,1],"4":[5,0],"5":[5,0]},"_coverageSchema":"1a1c01bbd47fc00a2c39e90264f33305004495a9","hash":"bc4993b2040702aace49c6b4b095c8c045fe38f0"}
,"C:\\Users\\user\\Desktop\\Final SEP\\Covid-Patient-tracker--App\\screens\\DoctorScreens\\DoctorAdmit.js": {"path":"C:\\Users\\user\\Desktop\\Final SEP\\Covid-Patient-tracker--App\\screens\\DoctorScreens\\DoctorAdmit.js","statementMap":{"0":{"start":{"line":34,"column":26},"end":{"line":34,"column":38}},"1":{"start":{"line":35,"column":28},"end":{"line":35,"column":40}},"2":{"start":{"line":36,"column":28},"end":{"line":36,"column":40}},"3":{"start":{"line":38,"column":17},"end":{"line":38,"column":19}},"4":{"start":{"line":39,"column":18},"end":{"line":39,"column":20}},"5":{"start":{"line":40,"column":44},"end":{"line":40,"column":56}},"6":{"start":{"line":41,"column":20},"end":{"line":41,"column":22}},"7":{"start":{"line":42,"column":34},"end":{"line":42,"column":46}},"8":{"start":{"line":44,"column":23},"end":{"line":44,"column":26}},"9":{"start":{"line":45,"column":36},"end":{"line":45,"column":48}},"10":{"start":{"line":46,"column":46},"end":{"line":46,"column":58}},"11":{"start":{"line":47,"column":28},"end":{"line":47,"column":40}},"12":{"start":{"line":50,"column":32},"end":{"line":50,"column":46}},"13":{"start":{"line":51,"column":42},"end":{"line":51,"column":55}},"14":{"start":{"line":52,"column":44},"end":{"line":52,"column":58}},"15":{"start":{"line":55,"column":17},"end":{"line":62,"column":3}},"16":{"start":{"line":56,"column":4},"end":{"line":61,"column":5}},"17":{"start":{"line":57,"column":6},"end":{"line":57,"column":81}},"18":{"start":{"line":60,"column":6},"end":{"line":60,"column":112}},"19":{"start":{"line":65,"column":14},"end":{"line":65,"column":24}},"20":{"start":{"line":66,"column":13},"end":{"line":66,"column":87}},"21":{"start":{"line":67,"column":13},"end":{"line":67,"column":56}},"22":{"start":{"line":68,"column":24},"end":{"line":68,"column":41}},"23":{"start":{"line":71,"column":13},"end":{"line":71,"column":57}},"24":{"start":{"line":72,"column":23},"end":{"line":72,"column":56}},"25":{"start":{"line":73,"column":19},"end":{"line":73,"column":52}},"26":{"start":{"line":74,"column":17},"end":{"line":74,"column":50}},"27":{"start":{"line":75,"column":22},"end":{"line":75,"column":54}},"28":{"start":{"line":79,"column":14},"end":{"line":79,"column":27}},"29":{"start":{"line":81,"column":42},"end":{"line":81,"column":57}},"30":{"start":{"line":85,"column":21},"end":{"line":87,"column":3}},"31":{"start":{"line":86,"column":4},"end":{"line":86,"column":26}},"32":{"start":{"line":89,"column":19},"end":{"line":106,"column":3}},"33":{"start":{"line":90,"column":4},"end":{"line":101,"column":5}},"34":{"start":{"line":91,"column":6},"end":{"line":95,"column":7}},"35":{"start":{"line":92,"column":20},"end":{"line":92,"column":94}},"36":{"start":{"line":93,"column":8},"end":{"line":93,"column":22}},"37":{"start":{"line":94,"column":8},"end":{"line":94,"column":51}},"38":{"start":{"line":99,"column":6},"end":{"line":99,"column":46}},"39":{"start":{"line":103,"column":4},"end":{"line":105,"column":5}},"40":{"start":{"line":104,"column":6},"end":{"line":104,"column":29}},"41":{"start":{"line":110,"column":20},"end":{"line":114,"column":3}},"42":{"start":{"line":111,"column":4},"end":{"line":113,"column":23}},"43":{"start":{"line":117,"column":19},"end":{"line":151,"column":3}},"44":{"start":{"line":120,"column":20},"end":{"line":120,"column":22}},"45":{"start":{"line":121,"column":21},"end":{"line":121,"column":23}},"46":{"start":{"line":122,"column":4},"end":{"line":150,"column":5}},"47":{"start":{"line":123,"column":6},"end":{"line":149,"column":7}},"48":{"start":{"line":124,"column":8},"end":{"line":130,"column":9}},"49":{"start":{"line":127,"column":12},"end":{"line":127,"column":124}},"50":{"start":{"line":132,"column":8},"end":{"line":137,"column":9}},"51":{"start":{"line":134,"column":12},"end":{"line":134,"column":127}},"52":{"start":{"line":139,"column":8},"end":{"line":148,"column":9}},"53":{"start":{"line":140,"column":10},"end":{"line":140,"column":30}},"54":{"start":{"line":142,"column":13},"end":{"line":148,"column":9}},"55":{"start":{"line":143,"column":10},"end":{"line":143,"column":31}},"56":{"start":{"line":147,"column":10},"end":{"line":147,"column":21}},"57":{"start":{"line":156,"column":2},"end":{"line":212,"column":20}},"58":{"start":{"line":157,"column":24},"end":{"line":211,"column":6}},"59":{"start":{"line":158,"column":6},"end":{"line":158,"column":18}},"60":{"start":{"line":159,"column":6},"end":{"line":159,"column":19}},"61":{"start":{"line":160,"column":6},"end":{"line":160,"column":22}},"62":{"start":{"line":161,"column":6},"end":{"line":161,"column":28}},"63":{"start":{"line":162,"column":6},"end":{"line":162,"column":27}},"64":{"start":{"line":163,"column":6},"end":{"line":163,"column":24}},"65":{"start":{"line":164,"column":6},"end":{"line":164,"column":19}},"66":{"start":{"line":165,"column":6},"end":{"line":165,"column":28}},"67":{"start":{"line":166,"column":6},"end":{"line":205,"column":7}},"68":{"start":{"line":169,"column":24},"end":{"line":169,"column":59}},"69":{"start":{"line":171,"column":22},"end":{"line":171,"column":48}},"70":{"start":{"line":172,"column":10},"end":{"line":197,"column":11}},"71":{"start":{"line":173,"column":22},"end":{"line":181,"column":14}},"72":{"start":{"line":182,"column":12},"end":{"line":182,"column":39}},"73":{"start":{"line":184,"column":12},"end":{"line":184,"column":40}},"74":{"start":{"line":187,"column":12},"end":{"line":195,"column":13}},"75":{"start":{"line":188,"column":14},"end":{"line":188,"column":39}},"76":{"start":{"line":190,"column":14},"end":{"line":194,"column":15}},"77":{"start":{"line":191,"column":16},"end":{"line":192,"column":35}},"78":{"start":{"line":199,"column":8},"end":{"line":199,"column":19}},"79":{"start":{"line":202,"column":8},"end":{"line":204,"column":11}},"80":{"start":{"line":216,"column":16},"end":{"line":287,"column":3}},"81":{"start":{"line":217,"column":18},"end":{"line":217,"column":53}},"82":{"start":{"line":219,"column":16},"end":{"line":219,"column":43}},"83":{"start":{"line":221,"column":4},"end":{"line":286,"column":5}},"84":{"start":{"line":222,"column":18},"end":{"line":252,"column":8}},"85":{"start":{"line":254,"column":23},"end":{"line":254,"column":39}},"86":{"start":{"line":255,"column":22},"end":{"line":255,"column":41}},"87":{"start":{"line":257,"column":6},"end":{"line":280,"column":7}},"88":{"start":{"line":259,"column":8},"end":{"line":259,"column":33}},"89":{"start":{"line":262,"column":8},"end":{"line":262,"column":20}},"90":{"start":{"line":263,"column":8},"end":{"line":263,"column":21}},"91":{"start":{"line":265,"column":8},"end":{"line":265,"column":24}},"92":{"start":{"line":266,"column":8},"end":{"line":266,"column":29}},"93":{"start":{"line":267,"column":10},"end":{"line":267,"column":28}},"94":{"start":{"line":268,"column":8},"end":{"line":268,"column":21}},"95":{"start":{"line":269,"column":8},"end":{"line":269,"column":30}},"96":{"start":{"line":273,"column":8},"end":{"line":279,"column":9}},"97":{"start":{"line":274,"column":10},"end":{"line":276,"column":13}},"98":{"start":{"line":283,"column":6},"end":{"line":285,"column":9}},"99":{"start":{"line":289,"column":28},"end":{"line":325,"column":3}},"100":{"start":{"line":291,"column":4},"end":{"line":291,"column":31}},"101":{"start":{"line":295,"column":4},"end":{"line":298,"column":5}},"102":{"start":{"line":296,"column":6},"end":{"line":296,"column":37}},"103":{"start":{"line":297,"column":6},"end":{"line":297,"column":13}},"104":{"start":{"line":299,"column":4},"end":{"line":302,"column":5}},"105":{"start":{"line":300,"column":6},"end":{"line":300,"column":49}},"106":{"start":{"line":301,"column":6},"end":{"line":301,"column":13}},"107":{"start":{"line":304,"column":4},"end":{"line":308,"column":5}},"108":{"start":{"line":305,"column":6},"end":{"line":305,"column":46}},"109":{"start":{"line":306,"column":6},"end":{"line":306,"column":13}},"110":{"start":{"line":308,"column":6},"end":{"line":311,"column":5}},"111":{"start":{"line":309,"column":6},"end":{"line":309,"column":41}},"112":{"start":{"line":310,"column":6},"end":{"line":310,"column":13}},"113":{"start":{"line":314,"column":4},"end":{"line":317,"column":5}},"114":{"start":{"line":315,"column":6},"end":{"line":315,"column":41}},"115":{"start":{"line":316,"column":6},"end":{"line":316,"column":13}},"116":{"start":{"line":319,"column":4},"end":{"line":322,"column":5}},"117":{"start":{"line":320,"column":6},"end":{"line":320,"column":29}},"118":{"start":{"line":321,"column":8},"end":{"line":321,"column":15}},"119":{"start":{"line":324,"column":4},"end":{"line":324,"column":12}},"120":{"start":{"line":327,"column":2},"end":{"line":567,"column":4}},"121":{"start":{"line":351,"column":36},"end":{"line":351,"column":49}},"122":{"start":{"line":416,"column":45},"end":{"line":416,"column":76}},"123":{"start":{"line":472,"column":46},"end":{"line":472,"column":79}},"124":{"start":{"line":572,"column":15},"end":{"line":753,"column":2}}},"fnMap":{"0":{"name":"DoctorAdmit","decl":{"start":{"line":30,"column":9},"end":{"line":30,"column":20}},"loc":{"start":{"line":30,"column":37},"end":{"line":568,"column":1}},"line":30},"1":{"name":"(anonymous_1)","decl":{"start":{"line":55,"column":17},"end":{"line":55,"column":18}},"loc":{"start":{"line":55,"column":25},"end":{"line":62,"column":3}},"line":55},"2":{"name":"(anonymous_2)","decl":{"start":{"line":85,"column":21},"end":{"line":85,"column":22}},"loc":{"start":{"line":85,"column":27},"end":{"line":87,"column":3}},"line":85},"3":{"name":"(anonymous_3)","decl":{"start":{"line":89,"column":19},"end":{"line":89,"column":20}},"loc":{"start":{"line":89,"column":37},"end":{"line":106,"column":3}},"line":89},"4":{"name":"(anonymous_4)","decl":{"start":{"line":110,"column":20},"end":{"line":110,"column":21}},"loc":{"start":{"line":111,"column":4},"end":{"line":113,"column":23}},"line":111},"5":{"name":"(anonymous_5)","decl":{"start":{"line":117,"column":19},"end":{"line":117,"column":20}},"loc":{"start":{"line":117,"column":30},"end":{"line":151,"column":3}},"line":117},"6":{"name":"(anonymous_6)","decl":{"start":{"line":125,"column":10},"end":{"line":125,"column":11}},"loc":{"start":{"line":127,"column":12},"end":{"line":127,"column":124}},"line":127},"7":{"name":"(anonymous_7)","decl":{"start":{"line":133,"column":10},"end":{"line":133,"column":11}},"loc":{"start":{"line":134,"column":12},"end":{"line":134,"column":127}},"line":134},"8":{"name":"(anonymous_8)","decl":{"start":{"line":156,"column":12},"end":{"line":156,"column":13}},"loc":{"start":{"line":156,"column":18},"end":{"line":212,"column":3}},"line":156},"9":{"name":"(anonymous_9)","decl":{"start":{"line":157,"column":56},"end":{"line":157,"column":57}},"loc":{"start":{"line":157,"column":62},"end":{"line":211,"column":5}},"line":157},"10":{"name":"loadbeds","decl":{"start":{"line":167,"column":23},"end":{"line":167,"column":31}},"loc":{"start":{"line":167,"column":34},"end":{"line":198,"column":9}},"line":167},"11":{"name":"(anonymous_11)","decl":{"start":{"line":216,"column":16},"end":{"line":216,"column":17}},"loc":{"start":{"line":216,"column":28},"end":{"line":287,"column":3}},"line":216},"12":{"name":"(anonymous_12)","decl":{"start":{"line":289,"column":28},"end":{"line":289,"column":29}},"loc":{"start":{"line":289,"column":34},"end":{"line":325,"column":3}},"line":289},"13":{"name":"(anonymous_13)","decl":{"start":{"line":351,"column":26},"end":{"line":351,"column":27}},"loc":{"start":{"line":351,"column":36},"end":{"line":351,"column":49}},"line":351},"14":{"name":"(anonymous_14)","decl":{"start":{"line":416,"column":26},"end":{"line":416,"column":27}},"loc":{"start":{"line":416,"column":45},"end":{"line":416,"column":76}},"line":416},"15":{"name":"(anonymous_15)","decl":{"start":{"line":472,"column":26},"end":{"line":472,"column":27}},"loc":{"start":{"line":472,"column":46},"end":{"line":472,"column":79}},"line":472}},"branchMap":{"0":{"loc":{"start":{"line":56,"column":4},"end":{"line":61,"column":5}},"type":"if","locations":[{"start":{"line":56,"column":4},"end":{"line":61,"column":5}},{"start":{"line":59,"column":9},"end":{"line":61,"column":5}}],"line":56},"1":{"loc":{"start":{"line":91,"column":6},"end":{"line":95,"column":7}},"type":"if","locations":[{"start":{"line":91,"column":6},"end":{"line":95,"column":7}},{"start":{},"end":{}}],"line":91},"2":{"loc":{"start":{"line":103,"column":4},"end":{"line":105,"column":5}},"type":"if","locations":[{"start":{"line":103,"column":4},"end":{"line":105,"column":5}},{"start":{},"end":{}}],"line":103},"3":{"loc":{"start":{"line":122,"column":4},"end":{"line":150,"column":5}},"type":"if","locations":[{"start":{"line":122,"column":4},"end":{"line":150,"column":5}},{"start":{},"end":{}}],"line":122},"4":{"loc":{"start":{"line":123,"column":6},"end":{"line":149,"column":7}},"type":"if","locations":[{"start":{"line":123,"column":6},"end":{"line":149,"column":7}},{"start":{},"end":{}}],"line":123},"5":{"loc":{"start":{"line":127,"column":12},"end":{"line":127,"column":124}},"type":"cond-expr","locations":[{"start":{"line":127,"column":62},"end":{"line":127,"column":114}},{"start":{"line":127,"column":119},"end":{"line":127,"column":123}}],"line":127},"6":{"loc":{"start":{"line":134,"column":12},"end":{"line":134,"column":127}},"type":"cond-expr","locations":[{"start":{"line":134,"column":63},"end":{"line":134,"column":117}},{"start":{"line":134,"column":122},"end":{"line":134,"column":126}}],"line":134},"7":{"loc":{"start":{"line":139,"column":8},"end":{"line":148,"column":9}},"type":"if","locations":[{"start":{"line":139,"column":8},"end":{"line":148,"column":9}},{"start":{"line":142,"column":13},"end":{"line":148,"column":9}}],"line":139},"8":{"loc":{"start":{"line":139,"column":12},"end":{"line":139,"column":52}},"type":"binary-expr","locations":[{"start":{"line":139,"column":12},"end":{"line":139,"column":28}},{"start":{"line":139,"column":32},"end":{"line":139,"column":52}}],"line":139},"9":{"loc":{"start":{"line":142,"column":13},"end":{"line":148,"column":9}},"type":"if","locations":[{"start":{"line":142,"column":13},"end":{"line":148,"column":9}},{"start":{"line":146,"column":13},"end":{"line":148,"column":9}}],"line":142},"10":{"loc":{"start":{"line":142,"column":17},"end":{"line":142,"column":58}},"type":"binary-expr","locations":[{"start":{"line":142,"column":17},"end":{"line":142,"column":33}},{"start":{"line":142,"column":37},"end":{"line":142,"column":58}}],"line":142},"11":{"loc":{"start":{"line":187,"column":12},"end":{"line":195,"column":13}},"type":"if","locations":[{"start":{"line":187,"column":12},"end":{"line":195,"column":13}},{"start":{"line":189,"column":19},"end":{"line":195,"column":13}}],"line":187},"12":{"loc":{"start":{"line":187,"column":16},"end":{"line":187,"column":78}},"type":"binary-expr","locations":[{"start":{"line":187,"column":16},"end":{"line":187,"column":34}},{"start":{"line":187,"column":38},"end":{"line":187,"column":56}},{"start":{"line":187,"column":60},"end":{"line":187,"column":78}}],"line":187},"13":{"loc":{"start":{"line":190,"column":14},"end":{"line":194,"column":15}},"type":"if","locations":[{"start":{"line":190,"column":14},"end":{"line":194,"column":15}},{"start":{},"end":{}}],"line":190},"14":{"loc":{"start":{"line":257,"column":6},"end":{"line":280,"column":7}},"type":"if","locations":[{"start":{"line":257,"column":6},"end":{"line":280,"column":7}},{"start":{"line":260,"column":13},"end":{"line":280,"column":7}}],"line":257},"15":{"loc":{"start":{"line":257,"column":10},"end":{"line":257,"column":72}},"type":"binary-expr","locations":[{"start":{"line":257,"column":10},"end":{"line":257,"column":28}},{"start":{"line":257,"column":32},"end":{"line":257,"column":50}},{"start":{"line":257,"column":54},"end":{"line":257,"column":72}}],"line":257},"16":{"loc":{"start":{"line":273,"column":8},"end":{"line":279,"column":9}},"type":"if","locations":[{"start":{"line":273,"column":8},"end":{"line":279,"column":9}},{"start":{},"end":{}}],"line":273},"17":{"loc":{"start":{"line":295,"column":4},"end":{"line":298,"column":5}},"type":"if","locations":[{"start":{"line":295,"column":4},"end":{"line":298,"column":5}},{"start":{},"end":{}}],"line":295},"18":{"loc":{"start":{"line":299,"column":4},"end":{"line":302,"column":5}},"type":"if","locations":[{"start":{"line":299,"column":4},"end":{"line":302,"column":5}},{"start":{},"end":{}}],"line":299},"19":{"loc":{"start":{"line":304,"column":4},"end":{"line":308,"column":5}},"type":"if","locations":[{"start":{"line":304,"column":4},"end":{"line":308,"column":5}},{"start":{},"end":{}}],"line":304},"20":{"loc":{"start":{"line":308,"column":6},"end":{"line":311,"column":5}},"type":"if","locations":[{"start":{"line":308,"column":6},"end":{"line":311,"column":5}},{"start":{},"end":{}}],"line":308},"21":{"loc":{"start":{"line":308,"column":10},"end":{"line":308,"column":45}},"type":"binary-expr","locations":[{"start":{"line":308,"column":10},"end":{"line":308,"column":19}},{"start":{"line":308,"column":23},"end":{"line":308,"column":45}}],"line":308},"22":{"loc":{"start":{"line":314,"column":4},"end":{"line":317,"column":5}},"type":"if","locations":[{"start":{"line":314,"column":4},"end":{"line":317,"column":5}},{"start":{},"end":{}}],"line":314},"23":{"loc":{"start":{"line":314,"column":8},"end":{"line":314,"column":45}},"type":"binary-expr","locations":[{"start":{"line":314,"column":8},"end":{"line":314,"column":18}},{"start":{"line":314,"column":22},"end":{"line":314,"column":45}}],"line":314},"24":{"loc":{"start":{"line":319,"column":4},"end":{"line":322,"column":5}},"type":"if","locations":[{"start":{"line":319,"column":4},"end":{"line":322,"column":5}},{"start":{},"end":{}}],"line":319},"25":{"loc":{"start":{"line":355,"column":9},"end":{"line":367,"column":9}},"type":"binary-expr","locations":[{"start":{"line":355,"column":9},"end":{"line":355,"column":21}},{"start":{"line":356,"column":10},"end":{"line":366,"column":12}}],"line":355},"26":{"loc":{"start":{"line":359,"column":21},"end":{"line":359,"column":66}},"type":"cond-expr","locations":[{"start":{"line":359,"column":45},"end":{"line":359,"column":54}},{"start":{"line":359,"column":57},"end":{"line":359,"column":66}}],"line":359},"27":{"loc":{"start":{"line":379,"column":25},"end":{"line":379,"column":51}},"type":"cond-expr","locations":[{"start":{"line":379,"column":33},"end":{"line":379,"column":35}},{"start":{"line":379,"column":38},"end":{"line":379,"column":51}}],"line":379}},"s":{"0":4,"1":4,"2":4,"3":4,"4":4,"5":4,"6":4,"7":4,"8":4,"9":4,"10":4,"11":4,"12":4,"13":4,"14":4,"15":4,"16":4,"17":0,"18":4,"19":4,"20":4,"21":4,"22":4,"23":4,"24":4,"25":4,"26":4,"27":4,"28":4,"29":4,"30":4,"31":0,"32":4,"33":0,"34":0,"35":0,"36":0,"37":0,"38":0,"39":0,"40":0,"41":4,"42":3,"43":4,"44":2,"45":2,"46":2,"47":2,"48":0,"49":0,"50":0,"51":0,"52":0,"53":0,"54":0,"55":0,"56":0,"57":4,"58":1,"59":0,"60":0,"61":0,"62":0,"63":0,"64":0,"65":0,"66":0,"67":0,"68":0,"69":0,"70":0,"71":0,"72":0,"73":0,"74":0,"75":0,"76":0,"77":0,"78":0,"79":0,"80":4,"81":0,"82":0,"83":0,"84":0,"85":0,"86":0,"87":0,"88":0,"89":0,"90":0,"91":0,"92":0,"93":0,"94":0,"95":0,"96":0,"97":0,"98":0,"99":4,"100":2,"101":2,"102":1,"103":1,"104":1,"105":1,"106":1,"107":0,"108":0,"109":0,"110":0,"111":0,"112":0,"113":0,"114":0,"115":0,"116":0,"117":0,"118":0,"119":0,"120":4,"121":1,"122":0,"123":0,"124":1},"f":{"0":4,"1":4,"2":0,"3":0,"4":3,"5":2,"6":0,"7":0,"8":1,"9":0,"10":0,"11":0,"12":2,"13":1,"14":0,"15":0},"b":{"0":[0,4],"1":[0,0],"2":[0,0],"3":[2,0],"4":[0,2],"5":[0,0],"6":[0,0],"7":[0,0],"8":[0,0],"9":[0,0],"10":[0,0],"11":[0,0],"12":[0,0,0],"13":[0,0],"14":[0,0],"15":[0,0,0],"16":[0,0],"17":[1,1],"18":[1,0],"19":[0,0],"20":[0,0],"21":[0,0],"22":[0,0],"23":[0,0],"24":[0,0],"25":[4,0],"26":[0,0],"27":[0,4]},"_coverageSchema":"1a1c01bbd47fc00a2c39e90264f33305004495a9","hash":"3ccff03aa9aee50d246e841bf51fbfab0f4dde02"}
,"C:\\Users\\user\\Desktop\\Final SEP\\Covid-Patient-tracker--App\\screens\\DoctorScreens\\DoctorDischarge.js": {"path":"C:\\Users\\user\\Desktop\\Final SEP\\Covid-Patient-tracker--App\\screens\\DoctorScreens\\DoctorDischarge.js","statementMap":{"0":{"start":{"line":30,"column":22},"end":{"line":30,"column":77}},"1":{"start":{"line":32,"column":30},"end":{"line":32,"column":42}},"2":{"start":{"line":33,"column":46},"end":{"line":33,"column":58}},"3":{"start":{"line":35,"column":30},"end":{"line":35,"column":41}},"4":{"start":{"line":38,"column":13},"end":{"line":38,"column":23}},"5":{"start":{"line":39,"column":13},"end":{"line":39,"column":87}},"6":{"start":{"line":40,"column":13},"end":{"line":40,"column":56}},"7":{"start":{"line":41,"column":19},"end":{"line":41,"column":36}},"8":{"start":{"line":45,"column":20},"end":{"line":49,"column":1}},"9":{"start":{"line":46,"column":4},"end":{"line":48,"column":23}},"10":{"start":{"line":51,"column":2},"end":{"line":62,"column":20}},"11":{"start":{"line":52,"column":24},"end":{"line":61,"column":6}},"12":{"start":{"line":55,"column":6},"end":{"line":55,"column":28}},"13":{"start":{"line":56,"column":6},"end":{"line":56,"column":20}},"14":{"start":{"line":58,"column":6},"end":{"line":58,"column":26}},"15":{"start":{"line":66,"column":20},"end":{"line":116,"column":3}},"16":{"start":{"line":67,"column":18},"end":{"line":67,"column":53}},"17":{"start":{"line":68,"column":16},"end":{"line":68,"column":47}},"18":{"start":{"line":71,"column":4},"end":{"line":115,"column":5}},"19":{"start":{"line":72,"column":18},"end":{"line":86,"column":8}},"20":{"start":{"line":88,"column":23},"end":{"line":88,"column":39}},"21":{"start":{"line":89,"column":22},"end":{"line":89,"column":41}},"22":{"start":{"line":91,"column":6},"end":{"line":109,"column":7}},"23":{"start":{"line":93,"column":8},"end":{"line":93,"column":33}},"24":{"start":{"line":97,"column":6},"end":{"line":97,"column":16}},"25":{"start":{"line":98,"column":6},"end":{"line":98,"column":28}},"26":{"start":{"line":99,"column":6},"end":{"line":99,"column":20}},"27":{"start":{"line":102,"column":8},"end":{"line":108,"column":9}},"28":{"start":{"line":103,"column":10},"end":{"line":105,"column":13}},"29":{"start":{"line":112,"column":6},"end":{"line":114,"column":9}},"30":{"start":{"line":118,"column":28},"end":{"line":132,"column":3}},"31":{"start":{"line":121,"column":4},"end":{"line":124,"column":5}},"32":{"start":{"line":122,"column":6},"end":{"line":122,"column":35}},"33":{"start":{"line":123,"column":6},"end":{"line":123,"column":13}},"34":{"start":{"line":125,"column":4},"end":{"line":128,"column":5}},"35":{"start":{"line":126,"column":6},"end":{"line":126,"column":39}},"36":{"start":{"line":127,"column":6},"end":{"line":127,"column":13}},"37":{"start":{"line":131,"column":4},"end":{"line":131,"column":16}},"38":{"start":{"line":134,"column":2},"end":{"line":212,"column":4}},"39":{"start":{"line":159,"column":34},"end":{"line":159,"column":43}},"40":{"start":{"line":175,"column":46},"end":{"line":175,"column":79}},"41":{"start":{"line":217,"column":15},"end":{"line":390,"column":2}}},"fnMap":{"0":{"name":"DoctorDischarge","decl":{"start":{"line":28,"column":9},"end":{"line":28,"column":24}},"loc":{"start":{"line":28,"column":47},"end":{"line":213,"column":1}},"line":28},"1":{"name":"(anonymous_1)","decl":{"start":{"line":45,"column":20},"end":{"line":45,"column":21}},"loc":{"start":{"line":46,"column":4},"end":{"line":48,"column":23}},"line":46},"2":{"name":"(anonymous_2)","decl":{"start":{"line":51,"column":12},"end":{"line":51,"column":13}},"loc":{"start":{"line":51,"column":18},"end":{"line":62,"column":3}},"line":51},"3":{"name":"(anonymous_3)","decl":{"start":{"line":52,"column":56},"end":{"line":52,"column":57}},"loc":{"start":{"line":52,"column":62},"end":{"line":61,"column":5}},"line":52},"4":{"name":"(anonymous_4)","decl":{"start":{"line":66,"column":20},"end":{"line":66,"column":21}},"loc":{"start":{"line":66,"column":32},"end":{"line":116,"column":3}},"line":66},"5":{"name":"(anonymous_5)","decl":{"start":{"line":118,"column":28},"end":{"line":118,"column":29}},"loc":{"start":{"line":118,"column":34},"end":{"line":132,"column":3}},"line":118},"6":{"name":"(anonymous_6)","decl":{"start":{"line":159,"column":26},"end":{"line":159,"column":27}},"loc":{"start":{"line":159,"column":34},"end":{"line":159,"column":43}},"line":159},"7":{"name":"(anonymous_7)","decl":{"start":{"line":175,"column":26},"end":{"line":175,"column":27}},"loc":{"start":{"line":175,"column":46},"end":{"line":175,"column":79}},"line":175}},"branchMap":{"0":{"loc":{"start":{"line":30,"column":31},"end":{"line":30,"column":76}},"type":"cond-expr","locations":[{"start":{"line":30,"column":55},"end":{"line":30,"column":57}},{"start":{"line":30,"column":60},"end":{"line":30,"column":75}}],"line":30},"1":{"loc":{"start":{"line":91,"column":6},"end":{"line":109,"column":7}},"type":"if","locations":[{"start":{"line":91,"column":6},"end":{"line":109,"column":7}},{"start":{"line":94,"column":13},"end":{"line":109,"column":7}}],"line":91},"2":{"loc":{"start":{"line":91,"column":10},"end":{"line":91,"column":72}},"type":"binary-expr","locations":[{"start":{"line":91,"column":10},"end":{"line":91,"column":28}},{"start":{"line":91,"column":32},"end":{"line":91,"column":50}},{"start":{"line":91,"column":54},"end":{"line":91,"column":72}}],"line":91},"3":{"loc":{"start":{"line":102,"column":8},"end":{"line":108,"column":9}},"type":"if","locations":[{"start":{"line":102,"column":8},"end":{"line":108,"column":9}},{"start":{},"end":{}}],"line":102},"4":{"loc":{"start":{"line":121,"column":4},"end":{"line":124,"column":5}},"type":"if","locations":[{"start":{"line":121,"column":4},"end":{"line":124,"column":5}},{"start":{},"end":{}}],"line":121},"5":{"loc":{"start":{"line":125,"column":4},"end":{"line":128,"column":5}},"type":"if","locations":[{"start":{"line":125,"column":4},"end":{"line":128,"column":5}},{"start":{},"end":{}}],"line":125}},"s":{"0":4,"1":4,"2":4,"3":4,"4":4,"5":4,"6":4,"7":4,"8":4,"9":3,"10":4,"11":1,"12":0,"13":0,"14":0,"15":4,"16":1,"17":1,"18":1,"19":1,"20":0,"21":0,"22":0,"23":0,"24":0,"25":0,"26":0,"27":0,"28":0,"29":1,"30":4,"31":3,"32":1,"33":1,"34":2,"35":1,"36":1,"37":1,"38":4,"39":2,"40":0,"41":1},"f":{"0":4,"1":3,"2":1,"3":0,"4":1,"5":3,"6":2,"7":0},"b":{"0":[4,0],"1":[0,0],"2":[0,0,0],"3":[0,0],"4":[1,2],"5":[1,1]},"_coverageSchema":"1a1c01bbd47fc00a2c39e90264f33305004495a9","hash":"30c044935ee85a4d378a8dc2f9fdf824cd4f26c5"}
,"C:\\Users\\user\\Desktop\\Final SEP\\Covid-Patient-tracker--App\\screens\\DoctorScreens\\DoctorEnterResults.js": {"path":"C:\\Users\\user\\Desktop\\Final SEP\\Covid-Patient-tracker--App\\screens\\DoctorScreens\\DoctorEnterResults.js","statementMap":{"0":{"start":{"line":29,"column":24},"end":{"line":29,"column":82}},"1":{"start":{"line":30,"column":38},"end":{"line":30,"column":50}},"2":{"start":{"line":31,"column":36},"end":{"line":31,"column":48}},"3":{"start":{"line":33,"column":16},"end":{"line":33,"column":26}},"4":{"start":{"line":34,"column":15},"end":{"line":34,"column":89}},"5":{"start":{"line":35,"column":15},"end":{"line":35,"column":58}},"6":{"start":{"line":36,"column":21},"end":{"line":36,"column":38}},"7":{"start":{"line":38,"column":19},"end":{"line":38,"column":52}},"8":{"start":{"line":42,"column":22},"end":{"line":46,"column":5}},"9":{"start":{"line":43,"column":8},"end":{"line":45,"column":27}},"10":{"start":{"line":50,"column":4},"end":{"line":57,"column":22}},"11":{"start":{"line":51,"column":28},"end":{"line":56,"column":10}},"12":{"start":{"line":53,"column":12},"end":{"line":53,"column":29}},"13":{"start":{"line":54,"column":12},"end":{"line":54,"column":28}},"14":{"start":{"line":61,"column":18},"end":{"line":112,"column":5}},"15":{"start":{"line":62,"column":22},"end":{"line":62,"column":57}},"16":{"start":{"line":63,"column":20},"end":{"line":63,"column":44}},"17":{"start":{"line":66,"column":8},"end":{"line":111,"column":9}},"18":{"start":{"line":67,"column":24},"end":{"line":84,"column":14}},"19":{"start":{"line":86,"column":29},"end":{"line":86,"column":45}},"20":{"start":{"line":87,"column":28},"end":{"line":87,"column":47}},"21":{"start":{"line":89,"column":12},"end":{"line":105,"column":13}},"22":{"start":{"line":91,"column":16},"end":{"line":91,"column":41}},"23":{"start":{"line":94,"column":16},"end":{"line":94,"column":26}},"24":{"start":{"line":95,"column":16},"end":{"line":95,"column":33}},"25":{"start":{"line":96,"column":16},"end":{"line":96,"column":32}},"26":{"start":{"line":98,"column":16},"end":{"line":104,"column":17}},"27":{"start":{"line":99,"column":20},"end":{"line":101,"column":23}},"28":{"start":{"line":108,"column":12},"end":{"line":110,"column":15}},"29":{"start":{"line":114,"column":30},"end":{"line":135,"column":5}},"30":{"start":{"line":117,"column":8},"end":{"line":120,"column":9}},"31":{"start":{"line":118,"column":12},"end":{"line":118,"column":41}},"32":{"start":{"line":119,"column":12},"end":{"line":119,"column":19}},"33":{"start":{"line":122,"column":8},"end":{"line":125,"column":9}},"34":{"start":{"line":123,"column":12},"end":{"line":123,"column":49}},"35":{"start":{"line":124,"column":12},"end":{"line":124,"column":19}},"36":{"start":{"line":127,"column":8},"end":{"line":130,"column":9}},"37":{"start":{"line":128,"column":12},"end":{"line":128,"column":47}},"38":{"start":{"line":129,"column":12},"end":{"line":129,"column":19}},"39":{"start":{"line":134,"column":8},"end":{"line":134,"column":16}},"40":{"start":{"line":137,"column":4},"end":{"line":215,"column":6}},"41":{"start":{"line":162,"column":46},"end":{"line":162,"column":55}},"42":{"start":{"line":220,"column":15},"end":{"line":393,"column":2}}},"fnMap":{"0":{"name":"DoctorEnterResults","decl":{"start":{"line":27,"column":9},"end":{"line":27,"column":27}},"loc":{"start":{"line":27,"column":51},"end":{"line":216,"column":1}},"line":27},"1":{"name":"(anonymous_1)","decl":{"start":{"line":42,"column":22},"end":{"line":42,"column":23}},"loc":{"start":{"line":43,"column":8},"end":{"line":45,"column":27}},"line":43},"2":{"name":"(anonymous_2)","decl":{"start":{"line":50,"column":14},"end":{"line":50,"column":15}},"loc":{"start":{"line":50,"column":20},"end":{"line":57,"column":5}},"line":50},"3":{"name":"(anonymous_3)","decl":{"start":{"line":51,"column":60},"end":{"line":51,"column":61}},"loc":{"start":{"line":51,"column":66},"end":{"line":56,"column":9}},"line":51},"4":{"name":"(anonymous_4)","decl":{"start":{"line":61,"column":18},"end":{"line":61,"column":19}},"loc":{"start":{"line":61,"column":30},"end":{"line":112,"column":5}},"line":61},"5":{"name":"(anonymous_5)","decl":{"start":{"line":114,"column":30},"end":{"line":114,"column":31}},"loc":{"start":{"line":114,"column":36},"end":{"line":135,"column":5}},"line":114},"6":{"name":"(anonymous_6)","decl":{"start":{"line":162,"column":38},"end":{"line":162,"column":39}},"loc":{"start":{"line":162,"column":46},"end":{"line":162,"column":55}},"line":162}},"branchMap":{"0":{"loc":{"start":{"line":29,"column":33},"end":{"line":29,"column":81}},"type":"cond-expr","locations":[{"start":{"line":29,"column":58},"end":{"line":29,"column":60}},{"start":{"line":29,"column":65},"end":{"line":29,"column":80}}],"line":29},"1":{"loc":{"start":{"line":89,"column":12},"end":{"line":105,"column":13}},"type":"if","locations":[{"start":{"line":89,"column":12},"end":{"line":105,"column":13}},{"start":{"line":92,"column":19},"end":{"line":105,"column":13}}],"line":89},"2":{"loc":{"start":{"line":89,"column":16},"end":{"line":89,"column":78}},"type":"binary-expr","locations":[{"start":{"line":89,"column":16},"end":{"line":89,"column":34}},{"start":{"line":89,"column":38},"end":{"line":89,"column":56}},{"start":{"line":89,"column":60},"end":{"line":89,"column":78}}],"line":89},"3":{"loc":{"start":{"line":98,"column":16},"end":{"line":104,"column":17}},"type":"if","locations":[{"start":{"line":98,"column":16},"end":{"line":104,"column":17}},{"start":{},"end":{}}],"line":98},"4":{"loc":{"start":{"line":117,"column":8},"end":{"line":120,"column":9}},"type":"if","locations":[{"start":{"line":117,"column":8},"end":{"line":120,"column":9}},{"start":{},"end":{}}],"line":117},"5":{"loc":{"start":{"line":122,"column":8},"end":{"line":125,"column":9}},"type":"if","locations":[{"start":{"line":122,"column":8},"end":{"line":125,"column":9}},{"start":{},"end":{}}],"line":122},"6":{"loc":{"start":{"line":122,"column":12},"end":{"line":122,"column":49}},"type":"binary-expr","locations":[{"start":{"line":122,"column":12},"end":{"line":122,"column":22}},{"start":{"line":122,"column":26},"end":{"line":122,"column":49}}],"line":122},"7":{"loc":{"start":{"line":127,"column":8},"end":{"line":130,"column":9}},"type":"if","locations":[{"start":{"line":127,"column":8},"end":{"line":130,"column":9}},{"start":{},"end":{}}],"line":127},"8":{"loc":{"start":{"line":127,"column":12},"end":{"line":127,"column":47}},"type":"binary-expr","locations":[{"start":{"line":127,"column":12},"end":{"line":127,"column":21}},{"start":{"line":127,"column":25},"end":{"line":127,"column":47}}],"line":127}},"s":{"0":6,"1":6,"2":6,"3":6,"4":6,"5":6,"6":6,"7":6,"8":6,"9":4,"10":6,"11":1,"12":0,"13":0,"14":6,"15":1,"16":1,"17":1,"18":1,"19":0,"20":0,"21":0,"22":0,"23":0,"24":0,"25":0,"26":0,"27":0,"28":1,"29":6,"30":4,"31":1,"32":1,"33":3,"34":1,"35":1,"36":2,"37":1,"38":1,"39":1,"40":6,"41":3,"42":1},"f":{"0":6,"1":4,"2":1,"3":0,"4":1,"5":4,"6":3},"b":{"0":[6,0],"1":[0,0],"2":[0,0,0],"3":[0,0],"4":[1,3],"5":[1,2],"6":[3,2],"7":[1,1],"8":[2,1]},"_coverageSchema":"1a1c01bbd47fc00a2c39e90264f33305004495a9","hash":"60c5950b8f8276783814f2957419bb551d70dc7d"}
,"C:\\Users\\user\\Desktop\\Final SEP\\Covid-Patient-tracker--App\\screens\\DoctorScreens\\DoctorSearchBeds.js": {"path":"C:\\Users\\user\\Desktop\\Final SEP\\Covid-Patient-tracker--App\\screens\\DoctorScreens\\DoctorSearchBeds.js","statementMap":{"0":{"start":{"line":34,"column":36},"end":{"line":34,"column":48}},"1":{"start":{"line":35,"column":32},"end":{"line":35,"column":46}},"2":{"start":{"line":36,"column":42},"end":{"line":36,"column":56}},"3":{"start":{"line":38,"column":28},"end":{"line":38,"column":43}},"4":{"start":{"line":39,"column":28},"end":{"line":39,"column":43}},"5":{"start":{"line":43,"column":4},"end":{"line":43,"column":21}},"6":{"start":{"line":48,"column":4},"end":{"line":48,"column":21}},"7":{"start":{"line":51,"column":20},"end":{"line":55,"column":1}},"8":{"start":{"line":52,"column":4},"end":{"line":54,"column":23}},"9":{"start":{"line":58,"column":21},"end":{"line":67,"column":3}},"10":{"start":{"line":59,"column":4},"end":{"line":66,"column":23}},"11":{"start":{"line":70,"column":2},"end":{"line":122,"column":21}},"12":{"start":{"line":71,"column":24},"end":{"line":120,"column":6}},"13":{"start":{"line":72,"column":6},"end":{"line":72,"column":22}},"14":{"start":{"line":73,"column":6},"end":{"line":73,"column":23}},"15":{"start":{"line":75,"column":6},"end":{"line":117,"column":7}},"16":{"start":{"line":78,"column":24},"end":{"line":78,"column":59}},"17":{"start":{"line":80,"column":22},"end":{"line":80,"column":59}},"18":{"start":{"line":81,"column":10},"end":{"line":109,"column":11}},"19":{"start":{"line":82,"column":22},"end":{"line":90,"column":14}},"20":{"start":{"line":91,"column":12},"end":{"line":91,"column":39}},"21":{"start":{"line":93,"column":12},"end":{"line":93,"column":45}},"22":{"start":{"line":96,"column":12},"end":{"line":104,"column":13}},"23":{"start":{"line":97,"column":14},"end":{"line":97,"column":39}},"24":{"start":{"line":99,"column":14},"end":{"line":103,"column":15}},"25":{"start":{"line":100,"column":16},"end":{"line":101,"column":35}},"26":{"start":{"line":111,"column":8},"end":{"line":111,"column":24}},"27":{"start":{"line":114,"column":8},"end":{"line":116,"column":11}},"28":{"start":{"line":126,"column":17},"end":{"line":177,"column":3}},"29":{"start":{"line":127,"column":18},"end":{"line":127,"column":53}},"30":{"start":{"line":129,"column":16},"end":{"line":129,"column":54}},"31":{"start":{"line":132,"column":4},"end":{"line":176,"column":5}},"32":{"start":{"line":133,"column":18},"end":{"line":142,"column":8}},"33":{"start":{"line":144,"column":24},"end":{"line":144,"column":40}},"34":{"start":{"line":149,"column":22},"end":{"line":149,"column":42}},"35":{"start":{"line":152,"column":6},"end":{"line":169,"column":7}},"36":{"start":{"line":154,"column":8},"end":{"line":154,"column":33}},"37":{"start":{"line":157,"column":8},"end":{"line":157,"column":37}},"38":{"start":{"line":161,"column":8},"end":{"line":168,"column":9}},"39":{"start":{"line":163,"column":10},"end":{"line":165,"column":13}},"40":{"start":{"line":172,"column":6},"end":{"line":172,"column":23}},"41":{"start":{"line":173,"column":6},"end":{"line":175,"column":9}},"42":{"start":{"line":179,"column":28},"end":{"line":187,"column":3}},"43":{"start":{"line":181,"column":4},"end":{"line":184,"column":5}},"44":{"start":{"line":182,"column":6},"end":{"line":182,"column":40}},"45":{"start":{"line":183,"column":6},"end":{"line":183,"column":13}},"46":{"start":{"line":186,"column":4},"end":{"line":186,"column":13}},"47":{"start":{"line":189,"column":2},"end":{"line":387,"column":4}},"48":{"start":{"line":220,"column":18},"end":{"line":220,"column":122}},"49":{"start":{"line":293,"column":26},"end":{"line":296,"column":222}},"50":{"start":{"line":349,"column":26},"end":{"line":352,"column":224}},"51":{"start":{"line":392,"column":15},"end":{"line":592,"column":2}}},"fnMap":{"0":{"name":"DoctorSearchBeds","decl":{"start":{"line":31,"column":9},"end":{"line":31,"column":25}},"loc":{"start":{"line":31,"column":42},"end":{"line":388,"column":1}},"line":31},"1":{"name":"handleSubmit1","decl":{"start":{"line":42,"column":11},"end":{"line":42,"column":24}},"loc":{"start":{"line":42,"column":27},"end":{"line":44,"column":3}},"line":42},"2":{"name":"handleSubmit2","decl":{"start":{"line":47,"column":11},"end":{"line":47,"column":24}},"loc":{"start":{"line":47,"column":27},"end":{"line":49,"column":3}},"line":47},"3":{"name":"(anonymous_3)","decl":{"start":{"line":51,"column":20},"end":{"line":51,"column":21}},"loc":{"start":{"line":52,"column":4},"end":{"line":54,"column":23}},"line":52},"4":{"name":"(anonymous_4)","decl":{"start":{"line":58,"column":21},"end":{"line":58,"column":22}},"loc":{"start":{"line":59,"column":4},"end":{"line":66,"column":23}},"line":59},"5":{"name":"(anonymous_5)","decl":{"start":{"line":70,"column":12},"end":{"line":70,"column":13}},"loc":{"start":{"line":70,"column":18},"end":{"line":122,"column":3}},"line":70},"6":{"name":"(anonymous_6)","decl":{"start":{"line":71,"column":56},"end":{"line":71,"column":57}},"loc":{"start":{"line":71,"column":62},"end":{"line":120,"column":5}},"line":71},"7":{"name":"loadFacilitys","decl":{"start":{"line":76,"column":23},"end":{"line":76,"column":36}},"loc":{"start":{"line":76,"column":39},"end":{"line":110,"column":9}},"line":76},"8":{"name":"(anonymous_8)","decl":{"start":{"line":126,"column":17},"end":{"line":126,"column":18}},"loc":{"start":{"line":126,"column":29},"end":{"line":177,"column":3}},"line":126},"9":{"name":"(anonymous_9)","decl":{"start":{"line":179,"column":28},"end":{"line":179,"column":29}},"loc":{"start":{"line":179,"column":34},"end":{"line":187,"column":3}},"line":179},"10":{"name":"(anonymous_10)","decl":{"start":{"line":219,"column":16},"end":{"line":219,"column":17}},"loc":{"start":{"line":220,"column":18},"end":{"line":220,"column":122}},"line":220},"11":{"name":"(anonymous_11)","decl":{"start":{"line":291,"column":24},"end":{"line":291,"column":25}},"loc":{"start":{"line":293,"column":26},"end":{"line":296,"column":222}},"line":293},"12":{"name":"(anonymous_12)","decl":{"start":{"line":347,"column":24},"end":{"line":347,"column":25}},"loc":{"start":{"line":349,"column":26},"end":{"line":352,"column":224}},"line":349}},"branchMap":{"0":{"loc":{"start":{"line":96,"column":12},"end":{"line":104,"column":13}},"type":"if","locations":[{"start":{"line":96,"column":12},"end":{"line":104,"column":13}},{"start":{"line":98,"column":19},"end":{"line":104,"column":13}}],"line":96},"1":{"loc":{"start":{"line":96,"column":16},"end":{"line":96,"column":78}},"type":"binary-expr","locations":[{"start":{"line":96,"column":16},"end":{"line":96,"column":34}},{"start":{"line":96,"column":38},"end":{"line":96,"column":56}},{"start":{"line":96,"column":60},"end":{"line":96,"column":78}}],"line":96},"2":{"loc":{"start":{"line":99,"column":14},"end":{"line":103,"column":15}},"type":"if","locations":[{"start":{"line":99,"column":14},"end":{"line":103,"column":15}},{"start":{},"end":{}}],"line":99},"3":{"loc":{"start":{"line":152,"column":6},"end":{"line":169,"column":7}},"type":"if","locations":[{"start":{"line":152,"column":6},"end":{"line":169,"column":7}},{"start":{"line":155,"column":13},"end":{"line":169,"column":7}}],"line":152},"4":{"loc":{"start":{"line":152,"column":10},"end":{"line":152,"column":72}},"type":"binary-expr","locations":[{"start":{"line":152,"column":10},"end":{"line":152,"column":28}},{"start":{"line":152,"column":32},"end":{"line":152,"column":50}},{"start":{"line":152,"column":54},"end":{"line":152,"column":72}}],"line":152},"5":{"loc":{"start":{"line":161,"column":8},"end":{"line":168,"column":9}},"type":"if","locations":[{"start":{"line":161,"column":8},"end":{"line":168,"column":9}},{"start":{},"end":{}}],"line":161},"6":{"loc":{"start":{"line":181,"column":4},"end":{"line":184,"column":5}},"type":"if","locations":[{"start":{"line":181,"column":4},"end":{"line":184,"column":5}},{"start":{},"end":{}}],"line":181},"7":{"loc":{"start":{"line":181,"column":8},"end":{"line":181,"column":47}},"type":"binary-expr","locations":[{"start":{"line":181,"column":8},"end":{"line":181,"column":19}},{"start":{"line":181,"column":23},"end":{"line":181,"column":47}}],"line":181},"8":{"loc":{"start":{"line":215,"column":13},"end":{"line":227,"column":20}},"type":"cond-expr","locations":[{"start":{"line":218,"column":14},"end":{"line":223,"column":15}},{"start":{"line":227,"column":15},"end":{"line":227,"column":19}}],"line":215},"9":{"loc":{"start":{"line":240,"column":9},"end":{"line":380,"column":18}},"type":"cond-expr","locations":[{"start":{"line":243,"column":10},"end":{"line":379,"column":26}},{"start":{"line":380,"column":13},"end":{"line":380,"column":17}}],"line":240},"10":{"loc":{"start":{"line":287,"column":21},"end":{"line":304,"column":28}},"type":"cond-expr","locations":[{"start":{"line":290,"column":22},"end":{"line":300,"column":23}},{"start":{"line":304,"column":23},"end":{"line":304,"column":27}}],"line":287},"11":{"loc":{"start":{"line":293,"column":26},"end":{"line":296,"column":222}},"type":"cond-expr","locations":[{"start":{"line":294,"column":28},"end":{"line":294,"column":221}},{"start":{"line":296,"column":29},"end":{"line":296,"column":221}}],"line":293},"12":{"loc":{"start":{"line":294,"column":136},"end":{"line":294,"column":208}},"type":"cond-expr","locations":[{"start":{"line":294,"column":186},"end":{"line":294,"column":196}},{"start":{"line":294,"column":201},"end":{"line":294,"column":207}}],"line":294},"13":{"loc":{"start":{"line":296,"column":136},"end":{"line":296,"column":208}},"type":"cond-expr","locations":[{"start":{"line":296,"column":186},"end":{"line":296,"column":196}},{"start":{"line":296,"column":201},"end":{"line":296,"column":207}}],"line":296},"14":{"loc":{"start":{"line":343,"column":21},"end":{"line":360,"column":28}},"type":"cond-expr","locations":[{"start":{"line":346,"column":22},"end":{"line":356,"column":23}},{"start":{"line":360,"column":23},"end":{"line":360,"column":27}}],"line":343},"15":{"loc":{"start":{"line":349,"column":26},"end":{"line":352,"column":224}},"type":"cond-expr","locations":[{"start":{"line":350,"column":28},"end":{"line":350,"column":223}},{"start":{"line":352,"column":29},"end":{"line":352,"column":223}}],"line":349},"16":{"loc":{"start":{"line":350,"column":137},"end":{"line":350,"column":210}},"type":"cond-expr","locations":[{"start":{"line":350,"column":188},"end":{"line":350,"column":198}},{"start":{"line":350,"column":203},"end":{"line":350,"column":209}}],"line":350},"17":{"loc":{"start":{"line":352,"column":137},"end":{"line":352,"column":210}},"type":"cond-expr","locations":[{"start":{"line":352,"column":188},"end":{"line":352,"column":198}},{"start":{"line":352,"column":203},"end":{"line":352,"column":209}}],"line":352}},"s":{"0":3,"1":3,"2":3,"3":3,"4":3,"5":0,"6":0,"7":3,"8":2,"9":3,"10":0,"11":3,"12":1,"13":0,"14":0,"15":0,"16":0,"17":0,"18":0,"19":0,"20":0,"21":0,"22":0,"23":0,"24":0,"25":0,"26":0,"27":0,"28":3,"29":1,"30":1,"31":1,"32":1,"33":0,"34":0,"35":0,"36":0,"37":0,"38":0,"39":0,"40":1,"41":1,"42":3,"43":2,"44":1,"45":1,"46":1,"47":3,"48":0,"49":0,"50":0,"51":1},"f":{"0":3,"1":0,"2":0,"3":2,"4":0,"5":1,"6":0,"7":0,"8":1,"9":2,"10":0,"11":0,"12":0},"b":{"0":[0,0],"1":[0,0,0],"2":[0,0],"3":[0,0],"4":[0,0,0],"5":[0,0],"6":[1,1],"7":[2,1],"8":[0,3],"9":[0,3],"10":[0,0],"11":[0,0],"12":[0,0],"13":[0,0],"14":[0,0],"15":[0,0],"16":[0,0],"17":[0,0]},"_coverageSchema":"1a1c01bbd47fc00a2c39e90264f33305004495a9","hash":"4429d0bff04b931290a80207ef226ad5ed0fd505"}
,"C:\\Users\\user\\Desktop\\Final SEP\\Covid-Patient-tracker--App\\screens\\DoctorScreens\\DoctorTransfer.js": {"path":"C:\\Users\\user\\Desktop\\Final SEP\\Covid-Patient-tracker--App\\screens\\DoctorScreens\\DoctorTransfer.js","statementMap":{"0":{"start":{"line":33,"column":22},"end":{"line":33,"column":77}},"1":{"start":{"line":34,"column":32},"end":{"line":34,"column":44}},"2":{"start":{"line":37,"column":12},"end":{"line":37,"column":22}},"3":{"start":{"line":38,"column":13},"end":{"line":38,"column":87}},"4":{"start":{"line":39,"column":13},"end":{"line":39,"column":56}},"5":{"start":{"line":40,"column":19},"end":{"line":40,"column":36}},"6":{"start":{"line":43,"column":19},"end":{"line":60,"column":3}},"7":{"start":{"line":44,"column":4},"end":{"line":55,"column":5}},"8":{"start":{"line":45,"column":6},"end":{"line":49,"column":7}},"9":{"start":{"line":46,"column":20},"end":{"line":46,"column":94}},"10":{"start":{"line":47,"column":8},"end":{"line":47,"column":22}},"11":{"start":{"line":48,"column":8},"end":{"line":48,"column":51}},"12":{"start":{"line":53,"column":6},"end":{"line":53,"column":46}},"13":{"start":{"line":57,"column":4},"end":{"line":59,"column":5}},"14":{"start":{"line":58,"column":6},"end":{"line":58,"column":29}},"15":{"start":{"line":65,"column":20},"end":{"line":69,"column":1}},"16":{"start":{"line":66,"column":4},"end":{"line":68,"column":23}},"17":{"start":{"line":72,"column":2},"end":{"line":84,"column":20}},"18":{"start":{"line":73,"column":24},"end":{"line":83,"column":6}},"19":{"start":{"line":78,"column":6},"end":{"line":78,"column":17}},"20":{"start":{"line":88,"column":19},"end":{"line":147,"column":3}},"21":{"start":{"line":89,"column":18},"end":{"line":89,"column":53}},"22":{"start":{"line":91,"column":16},"end":{"line":91,"column":46}},"23":{"start":{"line":94,"column":4},"end":{"line":146,"column":5}},"24":{"start":{"line":95,"column":18},"end":{"line":114,"column":8}},"25":{"start":{"line":116,"column":23},"end":{"line":116,"column":39}},"26":{"start":{"line":117,"column":22},"end":{"line":117,"column":41}},"27":{"start":{"line":119,"column":6},"end":{"line":140,"column":7}},"28":{"start":{"line":121,"column":8},"end":{"line":121,"column":33}},"29":{"start":{"line":124,"column":8},"end":{"line":124,"column":18}},"30":{"start":{"line":125,"column":8},"end":{"line":125,"column":22}},"31":{"start":{"line":126,"column":8},"end":{"line":126,"column":19}},"32":{"start":{"line":133,"column":8},"end":{"line":139,"column":9}},"33":{"start":{"line":134,"column":10},"end":{"line":136,"column":13}},"34":{"start":{"line":143,"column":6},"end":{"line":145,"column":9}},"35":{"start":{"line":149,"column":28},"end":{"line":169,"column":3}},"36":{"start":{"line":152,"column":4},"end":{"line":155,"column":5}},"37":{"start":{"line":153,"column":6},"end":{"line":153,"column":35}},"38":{"start":{"line":154,"column":6},"end":{"line":154,"column":13}},"39":{"start":{"line":157,"column":9},"end":{"line":162,"column":7}},"40":{"start":{"line":160,"column":8},"end":{"line":160,"column":51}},"41":{"start":{"line":161,"column":8},"end":{"line":161,"column":15}},"42":{"start":{"line":165,"column":6},"end":{"line":165,"column":17}},"43":{"start":{"line":171,"column":2},"end":{"line":225,"column":4}},"44":{"start":{"line":195,"column":34},"end":{"line":195,"column":43}},"45":{"start":{"line":211,"column":43},"end":{"line":211,"column":62}},"46":{"start":{"line":230,"column":15},"end":{"line":410,"column":2}}},"fnMap":{"0":{"name":"DoctorTransfer","decl":{"start":{"line":29,"column":9},"end":{"line":29,"column":23}},"loc":{"start":{"line":29,"column":46},"end":{"line":226,"column":1}},"line":29},"1":{"name":"(anonymous_1)","decl":{"start":{"line":43,"column":19},"end":{"line":43,"column":20}},"loc":{"start":{"line":43,"column":37},"end":{"line":60,"column":3}},"line":43},"2":{"name":"(anonymous_2)","decl":{"start":{"line":65,"column":20},"end":{"line":65,"column":21}},"loc":{"start":{"line":66,"column":4},"end":{"line":68,"column":23}},"line":66},"3":{"name":"(anonymous_3)","decl":{"start":{"line":72,"column":12},"end":{"line":72,"column":13}},"loc":{"start":{"line":72,"column":18},"end":{"line":84,"column":3}},"line":72},"4":{"name":"(anonymous_4)","decl":{"start":{"line":73,"column":56},"end":{"line":73,"column":57}},"loc":{"start":{"line":73,"column":62},"end":{"line":83,"column":5}},"line":73},"5":{"name":"(anonymous_5)","decl":{"start":{"line":88,"column":19},"end":{"line":88,"column":20}},"loc":{"start":{"line":88,"column":31},"end":{"line":147,"column":3}},"line":88},"6":{"name":"(anonymous_6)","decl":{"start":{"line":149,"column":28},"end":{"line":149,"column":29}},"loc":{"start":{"line":149,"column":34},"end":{"line":169,"column":3}},"line":149},"7":{"name":"(anonymous_7)","decl":{"start":{"line":195,"column":26},"end":{"line":195,"column":27}},"loc":{"start":{"line":195,"column":34},"end":{"line":195,"column":43}},"line":195},"8":{"name":"(anonymous_8)","decl":{"start":{"line":211,"column":26},"end":{"line":211,"column":27}},"loc":{"start":{"line":211,"column":43},"end":{"line":211,"column":62}},"line":211}},"branchMap":{"0":{"loc":{"start":{"line":33,"column":31},"end":{"line":33,"column":76}},"type":"cond-expr","locations":[{"start":{"line":33,"column":55},"end":{"line":33,"column":57}},{"start":{"line":33,"column":60},"end":{"line":33,"column":75}}],"line":33},"1":{"loc":{"start":{"line":45,"column":6},"end":{"line":49,"column":7}},"type":"if","locations":[{"start":{"line":45,"column":6},"end":{"line":49,"column":7}},{"start":{},"end":{}}],"line":45},"2":{"loc":{"start":{"line":57,"column":4},"end":{"line":59,"column":5}},"type":"if","locations":[{"start":{"line":57,"column":4},"end":{"line":59,"column":5}},{"start":{},"end":{}}],"line":57},"3":{"loc":{"start":{"line":119,"column":6},"end":{"line":140,"column":7}},"type":"if","locations":[{"start":{"line":119,"column":6},"end":{"line":140,"column":7}},{"start":{"line":122,"column":13},"end":{"line":140,"column":7}}],"line":119},"4":{"loc":{"start":{"line":119,"column":10},"end":{"line":119,"column":72}},"type":"binary-expr","locations":[{"start":{"line":119,"column":10},"end":{"line":119,"column":28}},{"start":{"line":119,"column":32},"end":{"line":119,"column":50}},{"start":{"line":119,"column":54},"end":{"line":119,"column":72}}],"line":119},"5":{"loc":{"start":{"line":133,"column":8},"end":{"line":139,"column":9}},"type":"if","locations":[{"start":{"line":133,"column":8},"end":{"line":139,"column":9}},{"start":{},"end":{}}],"line":133},"6":{"loc":{"start":{"line":152,"column":4},"end":{"line":155,"column":5}},"type":"if","locations":[{"start":{"line":152,"column":4},"end":{"line":155,"column":5}},{"start":{},"end":{}}],"line":152},"7":{"loc":{"start":{"line":157,"column":9},"end":{"line":162,"column":7}},"type":"if","locations":[{"start":{"line":157,"column":9},"end":{"line":162,"column":7}},{"start":{},"end":{}}],"line":157},"8":{"loc":{"start":{"line":157,"column":13},"end":{"line":157,"column":54}},"type":"binary-expr","locations":[{"start":{"line":157,"column":13},"end":{"line":157,"column":25}},{"start":{"line":157,"column":29},"end":{"line":157,"column":54}}],"line":157}},"s":{"0":4,"1":4,"2":4,"3":4,"4":4,"5":4,"6":4,"7":0,"8":0,"9":0,"10":0,"11":0,"12":0,"13":0,"14":0,"15":4,"16":3,"17":4,"18":1,"19":0,"20":4,"21":1,"22":1,"23":1,"24":1,"25":0,"26":0,"27":0,"28":0,"29":0,"30":0,"31":0,"32":0,"33":0,"34":1,"35":4,"36":3,"37":1,"38":1,"39":2,"40":1,"41":1,"42":1,"43":4,"44":2,"45":1,"46":1},"f":{"0":4,"1":0,"2":3,"3":1,"4":0,"5":1,"6":3,"7":2,"8":1},"b":{"0":[4,0],"1":[0,0],"2":[0,0],"3":[0,0],"4":[0,0,0],"5":[0,0],"6":[1,2],"7":[1,1],"8":[2,1]},"_coverageSchema":"1a1c01bbd47fc00a2c39e90264f33305004495a9","hash":"b44b5493db9865bac6d3f86f2a1c3ae8eb3f5996"}
,"C:\\Users\\user\\Desktop\\Final SEP\\Covid-Patient-tracker--App\\screens\\HospitalAdminScreens\\HospitalAdminAdmit.js": {"path":"C:\\Users\\user\\Desktop\\Final SEP\\Covid-Patient-tracker--App\\screens\\HospitalAdminScreens\\HospitalAdminAdmit.js","statementMap":{"0":{"start":{"line":33,"column":26},"end":{"line":33,"column":38}},"1":{"start":{"line":34,"column":28},"end":{"line":34,"column":40}},"2":{"start":{"line":35,"column":28},"end":{"line":35,"column":40}},"3":{"start":{"line":36,"column":30},"end":{"line":36,"column":46}},"4":{"start":{"line":37,"column":32},"end":{"line":37,"column":44}},"5":{"start":{"line":38,"column":44},"end":{"line":38,"column":56}},"6":{"start":{"line":39,"column":36},"end":{"line":39,"column":48}},"7":{"start":{"line":40,"column":34},"end":{"line":40,"column":46}},"8":{"start":{"line":42,"column":42},"end":{"line":42,"column":55}},"9":{"start":{"line":43,"column":36},"end":{"line":43,"column":48}},"10":{"start":{"line":44,"column":25},"end":{"line":44,"column":27}},"11":{"start":{"line":46,"column":42},"end":{"line":46,"column":55}},"12":{"start":{"line":47,"column":44},"end":{"line":47,"column":58}},"13":{"start":{"line":48,"column":28},"end":{"line":48,"column":40}},"14":{"start":{"line":50,"column":19},"end":{"line":84,"column":3}},"15":{"start":{"line":53,"column":20},"end":{"line":53,"column":22}},"16":{"start":{"line":54,"column":21},"end":{"line":54,"column":23}},"17":{"start":{"line":55,"column":4},"end":{"line":83,"column":5}},"18":{"start":{"line":56,"column":6},"end":{"line":82,"column":7}},"19":{"start":{"line":57,"column":8},"end":{"line":63,"column":9}},"20":{"start":{"line":60,"column":12},"end":{"line":60,"column":124}},"21":{"start":{"line":65,"column":8},"end":{"line":70,"column":9}},"22":{"start":{"line":67,"column":12},"end":{"line":67,"column":127}},"23":{"start":{"line":72,"column":8},"end":{"line":81,"column":9}},"24":{"start":{"line":73,"column":10},"end":{"line":73,"column":30}},"25":{"start":{"line":75,"column":13},"end":{"line":81,"column":9}},"26":{"start":{"line":76,"column":10},"end":{"line":76,"column":31}},"27":{"start":{"line":80,"column":10},"end":{"line":80,"column":21}},"28":{"start":{"line":89,"column":32},"end":{"line":89,"column":46}},"29":{"start":{"line":93,"column":17},"end":{"line":100,"column":3}},"30":{"start":{"line":94,"column":4},"end":{"line":99,"column":5}},"31":{"start":{"line":95,"column":6},"end":{"line":95,"column":81}},"32":{"start":{"line":98,"column":6},"end":{"line":98,"column":112}},"33":{"start":{"line":103,"column":14},"end":{"line":103,"column":24}},"34":{"start":{"line":104,"column":13},"end":{"line":104,"column":87}},"35":{"start":{"line":105,"column":13},"end":{"line":105,"column":56}},"36":{"start":{"line":107,"column":24},"end":{"line":107,"column":41}},"37":{"start":{"line":111,"column":13},"end":{"line":111,"column":57}},"38":{"start":{"line":112,"column":23},"end":{"line":112,"column":56}},"39":{"start":{"line":113,"column":19},"end":{"line":113,"column":52}},"40":{"start":{"line":114,"column":17},"end":{"line":114,"column":50}},"41":{"start":{"line":115,"column":22},"end":{"line":115,"column":54}},"42":{"start":{"line":119,"column":14},"end":{"line":119,"column":27}},"43":{"start":{"line":121,"column":42},"end":{"line":121,"column":57}},"44":{"start":{"line":125,"column":21},"end":{"line":127,"column":3}},"45":{"start":{"line":126,"column":4},"end":{"line":126,"column":26}},"46":{"start":{"line":129,"column":19},"end":{"line":146,"column":3}},"47":{"start":{"line":130,"column":4},"end":{"line":141,"column":5}},"48":{"start":{"line":131,"column":6},"end":{"line":135,"column":7}},"49":{"start":{"line":132,"column":20},"end":{"line":132,"column":94}},"50":{"start":{"line":133,"column":8},"end":{"line":133,"column":22}},"51":{"start":{"line":134,"column":8},"end":{"line":134,"column":51}},"52":{"start":{"line":139,"column":6},"end":{"line":139,"column":46}},"53":{"start":{"line":143,"column":4},"end":{"line":145,"column":5}},"54":{"start":{"line":144,"column":6},"end":{"line":144,"column":29}},"55":{"start":{"line":149,"column":27},"end":{"line":152,"column":3}},"56":{"start":{"line":155,"column":28},"end":{"line":159,"column":3}},"57":{"start":{"line":161,"column":20},"end":{"line":165,"column":3}},"58":{"start":{"line":162,"column":4},"end":{"line":164,"column":23}},"59":{"start":{"line":169,"column":2},"end":{"line":235,"column":17}},"60":{"start":{"line":170,"column":24},"end":{"line":231,"column":6}},"61":{"start":{"line":173,"column":6},"end":{"line":173,"column":18}},"62":{"start":{"line":174,"column":6},"end":{"line":174,"column":19}},"63":{"start":{"line":175,"column":6},"end":{"line":175,"column":21}},"64":{"start":{"line":176,"column":6},"end":{"line":176,"column":27}},"65":{"start":{"line":177,"column":6},"end":{"line":177,"column":24}},"66":{"start":{"line":178,"column":6},"end":{"line":178,"column":22}},"67":{"start":{"line":179,"column":6},"end":{"line":179,"column":24}},"68":{"start":{"line":181,"column":6},"end":{"line":181,"column":19}},"69":{"start":{"line":182,"column":6},"end":{"line":182,"column":24}},"70":{"start":{"line":183,"column":6},"end":{"line":183,"column":30}},"71":{"start":{"line":184,"column":6},"end":{"line":184,"column":28}},"72":{"start":{"line":185,"column":6},"end":{"line":185,"column":27}},"73":{"start":{"line":187,"column":6},"end":{"line":228,"column":7}},"74":{"start":{"line":190,"column":24},"end":{"line":190,"column":59}},"75":{"start":{"line":192,"column":22},"end":{"line":192,"column":48}},"76":{"start":{"line":193,"column":10},"end":{"line":220,"column":11}},"77":{"start":{"line":194,"column":22},"end":{"line":202,"column":14}},"78":{"start":{"line":203,"column":12},"end":{"line":203,"column":39}},"79":{"start":{"line":205,"column":12},"end":{"line":205,"column":40}},"80":{"start":{"line":209,"column":12},"end":{"line":217,"column":13}},"81":{"start":{"line":210,"column":14},"end":{"line":210,"column":39}},"82":{"start":{"line":212,"column":14},"end":{"line":216,"column":15}},"83":{"start":{"line":213,"column":16},"end":{"line":214,"column":35}},"84":{"start":{"line":222,"column":8},"end":{"line":222,"column":19}},"85":{"start":{"line":225,"column":8},"end":{"line":227,"column":11}},"86":{"start":{"line":240,"column":16},"end":{"line":315,"column":3}},"87":{"start":{"line":241,"column":18},"end":{"line":241,"column":53}},"88":{"start":{"line":242,"column":16},"end":{"line":242,"column":43}},"89":{"start":{"line":244,"column":4},"end":{"line":314,"column":5}},"90":{"start":{"line":245,"column":18},"end":{"line":276,"column":8}},"91":{"start":{"line":278,"column":23},"end":{"line":278,"column":39}},"92":{"start":{"line":279,"column":22},"end":{"line":279,"column":41}},"93":{"start":{"line":281,"column":6},"end":{"line":308,"column":7}},"94":{"start":{"line":283,"column":8},"end":{"line":283,"column":33}},"95":{"start":{"line":286,"column":8},"end":{"line":286,"column":20}},"96":{"start":{"line":287,"column":8},"end":{"line":287,"column":21}},"97":{"start":{"line":288,"column":8},"end":{"line":288,"column":23}},"98":{"start":{"line":289,"column":8},"end":{"line":289,"column":29}},"99":{"start":{"line":290,"column":8},"end":{"line":290,"column":26}},"100":{"start":{"line":291,"column":8},"end":{"line":291,"column":24}},"101":{"start":{"line":292,"column":8},"end":{"line":292,"column":26}},"102":{"start":{"line":294,"column":8},"end":{"line":294,"column":21}},"103":{"start":{"line":295,"column":8},"end":{"line":295,"column":26}},"104":{"start":{"line":296,"column":8},"end":{"line":296,"column":32}},"105":{"start":{"line":297,"column":8},"end":{"line":297,"column":30}},"106":{"start":{"line":298,"column":8},"end":{"line":298,"column":29}},"107":{"start":{"line":301,"column":8},"end":{"line":307,"column":9}},"108":{"start":{"line":302,"column":10},"end":{"line":304,"column":13}},"109":{"start":{"line":311,"column":6},"end":{"line":313,"column":9}},"110":{"start":{"line":317,"column":28},"end":{"line":359,"column":3}},"111":{"start":{"line":319,"column":4},"end":{"line":319,"column":31}},"112":{"start":{"line":322,"column":4},"end":{"line":325,"column":5}},"113":{"start":{"line":323,"column":6},"end":{"line":323,"column":37}},"114":{"start":{"line":324,"column":6},"end":{"line":324,"column":13}},"115":{"start":{"line":326,"column":4},"end":{"line":329,"column":5}},"116":{"start":{"line":327,"column":6},"end":{"line":327,"column":49}},"117":{"start":{"line":328,"column":6},"end":{"line":328,"column":13}},"118":{"start":{"line":330,"column":4},"end":{"line":333,"column":5}},"119":{"start":{"line":331,"column":6},"end":{"line":331,"column":38}},"120":{"start":{"line":332,"column":6},"end":{"line":332,"column":13}},"121":{"start":{"line":334,"column":4},"end":{"line":337,"column":5}},"122":{"start":{"line":335,"column":6},"end":{"line":335,"column":41}},"123":{"start":{"line":336,"column":6},"end":{"line":336,"column":13}},"124":{"start":{"line":338,"column":4},"end":{"line":341,"column":5}},"125":{"start":{"line":339,"column":6},"end":{"line":339,"column":46}},"126":{"start":{"line":340,"column":6},"end":{"line":340,"column":13}},"127":{"start":{"line":342,"column":4},"end":{"line":345,"column":5}},"128":{"start":{"line":343,"column":6},"end":{"line":343,"column":43}},"129":{"start":{"line":344,"column":6},"end":{"line":344,"column":13}},"130":{"start":{"line":348,"column":4},"end":{"line":351,"column":5}},"131":{"start":{"line":349,"column":6},"end":{"line":349,"column":41}},"132":{"start":{"line":350,"column":6},"end":{"line":350,"column":13}},"133":{"start":{"line":353,"column":4},"end":{"line":356,"column":5}},"134":{"start":{"line":354,"column":6},"end":{"line":354,"column":29}},"135":{"start":{"line":355,"column":8},"end":{"line":355,"column":15}},"136":{"start":{"line":358,"column":4},"end":{"line":358,"column":12}},"137":{"start":{"line":361,"column":2},"end":{"line":638,"column":4}},"138":{"start":{"line":385,"column":36},"end":{"line":385,"column":49}},"139":{"start":{"line":428,"column":34},"end":{"line":428,"column":50}},"140":{"start":{"line":496,"column":45},"end":{"line":496,"column":76}},"141":{"start":{"line":514,"column":39},"end":{"line":514,"column":58}},"142":{"start":{"line":578,"column":34},"end":{"line":578,"column":56}},"143":{"start":{"line":643,"column":15},"end":{"line":826,"column":2}}},"fnMap":{"0":{"name":"HospitalAdminAdmit","decl":{"start":{"line":30,"column":9},"end":{"line":30,"column":27}},"loc":{"start":{"line":30,"column":44},"end":{"line":639,"column":1}},"line":30},"1":{"name":"(anonymous_1)","decl":{"start":{"line":50,"column":19},"end":{"line":50,"column":20}},"loc":{"start":{"line":50,"column":30},"end":{"line":84,"column":3}},"line":50},"2":{"name":"(anonymous_2)","decl":{"start":{"line":58,"column":10},"end":{"line":58,"column":11}},"loc":{"start":{"line":60,"column":12},"end":{"line":60,"column":124}},"line":60},"3":{"name":"(anonymous_3)","decl":{"start":{"line":66,"column":10},"end":{"line":66,"column":11}},"loc":{"start":{"line":67,"column":12},"end":{"line":67,"column":127}},"line":67},"4":{"name":"(anonymous_4)","decl":{"start":{"line":93,"column":17},"end":{"line":93,"column":18}},"loc":{"start":{"line":93,"column":25},"end":{"line":100,"column":3}},"line":93},"5":{"name":"(anonymous_5)","decl":{"start":{"line":125,"column":21},"end":{"line":125,"column":22}},"loc":{"start":{"line":125,"column":27},"end":{"line":127,"column":3}},"line":125},"6":{"name":"(anonymous_6)","decl":{"start":{"line":129,"column":19},"end":{"line":129,"column":20}},"loc":{"start":{"line":129,"column":37},"end":{"line":146,"column":3}},"line":129},"7":{"name":"(anonymous_7)","decl":{"start":{"line":161,"column":20},"end":{"line":161,"column":21}},"loc":{"start":{"line":162,"column":4},"end":{"line":164,"column":23}},"line":162},"8":{"name":"(anonymous_8)","decl":{"start":{"line":169,"column":12},"end":{"line":169,"column":13}},"loc":{"start":{"line":169,"column":18},"end":{"line":235,"column":3}},"line":169},"9":{"name":"(anonymous_9)","decl":{"start":{"line":170,"column":56},"end":{"line":170,"column":57}},"loc":{"start":{"line":170,"column":62},"end":{"line":231,"column":5}},"line":170},"10":{"name":"loadbeds","decl":{"start":{"line":188,"column":23},"end":{"line":188,"column":31}},"loc":{"start":{"line":188,"column":34},"end":{"line":221,"column":9}},"line":188},"11":{"name":"(anonymous_11)","decl":{"start":{"line":240,"column":16},"end":{"line":240,"column":17}},"loc":{"start":{"line":240,"column":28},"end":{"line":315,"column":3}},"line":240},"12":{"name":"(anonymous_12)","decl":{"start":{"line":317,"column":28},"end":{"line":317,"column":29}},"loc":{"start":{"line":317,"column":34},"end":{"line":359,"column":3}},"line":317},"13":{"name":"(anonymous_13)","decl":{"start":{"line":385,"column":26},"end":{"line":385,"column":27}},"loc":{"start":{"line":385,"column":36},"end":{"line":385,"column":49}},"line":385},"14":{"name":"(anonymous_14)","decl":{"start":{"line":428,"column":23},"end":{"line":428,"column":24}},"loc":{"start":{"line":428,"column":34},"end":{"line":428,"column":50}},"line":428},"15":{"name":"(anonymous_15)","decl":{"start":{"line":496,"column":26},"end":{"line":496,"column":27}},"loc":{"start":{"line":496,"column":45},"end":{"line":496,"column":76}},"line":496},"16":{"name":"(anonymous_16)","decl":{"start":{"line":514,"column":26},"end":{"line":514,"column":27}},"loc":{"start":{"line":514,"column":39},"end":{"line":514,"column":58}},"line":514},"17":{"name":"(anonymous_17)","decl":{"start":{"line":578,"column":23},"end":{"line":578,"column":24}},"loc":{"start":{"line":578,"column":34},"end":{"line":578,"column":56}},"line":578}},"branchMap":{"0":{"loc":{"start":{"line":55,"column":4},"end":{"line":83,"column":5}},"type":"if","locations":[{"start":{"line":55,"column":4},"end":{"line":83,"column":5}},{"start":{},"end":{}}],"line":55},"1":{"loc":{"start":{"line":56,"column":6},"end":{"line":82,"column":7}},"type":"if","locations":[{"start":{"line":56,"column":6},"end":{"line":82,"column":7}},{"start":{},"end":{}}],"line":56},"2":{"loc":{"start":{"line":60,"column":12},"end":{"line":60,"column":124}},"type":"cond-expr","locations":[{"start":{"line":60,"column":62},"end":{"line":60,"column":114}},{"start":{"line":60,"column":119},"end":{"line":60,"column":123}}],"line":60},"3":{"loc":{"start":{"line":67,"column":12},"end":{"line":67,"column":127}},"type":"cond-expr","locations":[{"start":{"line":67,"column":63},"end":{"line":67,"column":117}},{"start":{"line":67,"column":122},"end":{"line":67,"column":126}}],"line":67},"4":{"loc":{"start":{"line":72,"column":8},"end":{"line":81,"column":9}},"type":"if","locations":[{"start":{"line":72,"column":8},"end":{"line":81,"column":9}},{"start":{"line":75,"column":13},"end":{"line":81,"column":9}}],"line":72},"5":{"loc":{"start":{"line":72,"column":12},"end":{"line":72,"column":52}},"type":"binary-expr","locations":[{"start":{"line":72,"column":12},"end":{"line":72,"column":28}},{"start":{"line":72,"column":32},"end":{"line":72,"column":52}}],"line":72},"6":{"loc":{"start":{"line":75,"column":13},"end":{"line":81,"column":9}},"type":"if","locations":[{"start":{"line":75,"column":13},"end":{"line":81,"column":9}},{"start":{"line":79,"column":13},"end":{"line":81,"column":9}}],"line":75},"7":{"loc":{"start":{"line":75,"column":17},"end":{"line":75,"column":58}},"type":"binary-expr","locations":[{"start":{"line":75,"column":17},"end":{"line":75,"column":33}},{"start":{"line":75,"column":37},"end":{"line":75,"column":58}}],"line":75},"8":{"loc":{"start":{"line":94,"column":4},"end":{"line":99,"column":5}},"type":"if","locations":[{"start":{"line":94,"column":4},"end":{"line":99,"column":5}},{"start":{"line":97,"column":9},"end":{"line":99,"column":5}}],"line":94},"9":{"loc":{"start":{"line":131,"column":6},"end":{"line":135,"column":7}},"type":"if","locations":[{"start":{"line":131,"column":6},"end":{"line":135,"column":7}},{"start":{},"end":{}}],"line":131},"10":{"loc":{"start":{"line":143,"column":4},"end":{"line":145,"column":5}},"type":"if","locations":[{"start":{"line":143,"column":4},"end":{"line":145,"column":5}},{"start":{},"end":{}}],"line":143},"11":{"loc":{"start":{"line":209,"column":12},"end":{"line":217,"column":13}},"type":"if","locations":[{"start":{"line":209,"column":12},"end":{"line":217,"column":13}},{"start":{"line":211,"column":19},"end":{"line":217,"column":13}}],"line":209},"12":{"loc":{"start":{"line":209,"column":16},"end":{"line":209,"column":78}},"type":"binary-expr","locations":[{"start":{"line":209,"column":16},"end":{"line":209,"column":34}},{"start":{"line":209,"column":38},"end":{"line":209,"column":56}},{"start":{"line":209,"column":60},"end":{"line":209,"column":78}}],"line":209},"13":{"loc":{"start":{"line":212,"column":14},"end":{"line":216,"column":15}},"type":"if","locations":[{"start":{"line":212,"column":14},"end":{"line":216,"column":15}},{"start":{},"end":{}}],"line":212},"14":{"loc":{"start":{"line":281,"column":6},"end":{"line":308,"column":7}},"type":"if","locations":[{"start":{"line":281,"column":6},"end":{"line":308,"column":7}},{"start":{"line":284,"column":13},"end":{"line":308,"column":7}}],"line":281},"15":{"loc":{"start":{"line":281,"column":10},"end":{"line":281,"column":72}},"type":"binary-expr","locations":[{"start":{"line":281,"column":10},"end":{"line":281,"column":28}},{"start":{"line":281,"column":32},"end":{"line":281,"column":50}},{"start":{"line":281,"column":54},"end":{"line":281,"column":72}}],"line":281},"16":{"loc":{"start":{"line":301,"column":8},"end":{"line":307,"column":9}},"type":"if","locations":[{"start":{"line":301,"column":8},"end":{"line":307,"column":9}},{"start":{},"end":{}}],"line":301},"17":{"loc":{"start":{"line":322,"column":4},"end":{"line":325,"column":5}},"type":"if","locations":[{"start":{"line":322,"column":4},"end":{"line":325,"column":5}},{"start":{},"end":{}}],"line":322},"18":{"loc":{"start":{"line":326,"column":4},"end":{"line":329,"column":5}},"type":"if","locations":[{"start":{"line":326,"column":4},"end":{"line":329,"column":5}},{"start":{},"end":{}}],"line":326},"19":{"loc":{"start":{"line":330,"column":4},"end":{"line":333,"column":5}},"type":"if","locations":[{"start":{"line":330,"column":4},"end":{"line":333,"column":5}},{"start":{},"end":{}}],"line":330},"20":{"loc":{"start":{"line":334,"column":4},"end":{"line":337,"column":5}},"type":"if","locations":[{"start":{"line":334,"column":4},"end":{"line":337,"column":5}},{"start":{},"end":{}}],"line":334},"21":{"loc":{"start":{"line":334,"column":8},"end":{"line":334,"column":43}},"type":"binary-expr","locations":[{"start":{"line":334,"column":8},"end":{"line":334,"column":17}},{"start":{"line":334,"column":21},"end":{"line":334,"column":43}}],"line":334},"22":{"loc":{"start":{"line":338,"column":4},"end":{"line":341,"column":5}},"type":"if","locations":[{"start":{"line":338,"column":4},"end":{"line":341,"column":5}},{"start":{},"en
[...]
,"C:\\Users\\user\\Desktop\\Final SEP\\Covid-Patient-tracker--App\\screens\\HospitalAdminScreens\\HospitalAdminSearchBeds.js": {"path":"C:\\Users\\user\\Desktop\\Final SEP\\Covid-Patient-tracker--App\\screens\\HospitalAdminScreens\\HospitalAdminSearchBeds.js","statementMap":{"0":{"start":{"line":34,"column":36},"end":{"line":34,"column":48}},"1":{"start":{"line":35,"column":32},"end":{"line":35,"column":46}},"2":{"start":{"line":36,"column":42},"end":{"line":36,"column":56}},"3":{"start":{"line":38,"column":28},"end":{"line":38,"column":43}},"4":{"start":{"line":39,"column":28},"end":{"line":39,"column":43}},"5":{"start":{"line":43,"column":4},"end":{"line":43,"column":21}},"6":{"start":{"line":48,"column":4},"end":{"line":48,"column":21}},"7":{"start":{"line":53,"column":20},"end":{"line":57,"column":3}},"8":{"start":{"line":54,"column":4},"end":{"line":56,"column":23}},"9":{"start":{"line":61,"column":21},"end":{"line":70,"column":3}},"10":{"start":{"line":62,"column":4},"end":{"line":69,"column":23}},"11":{"start":{"line":73,"column":2},"end":{"line":123,"column":21}},"12":{"start":{"line":74,"column":24},"end":{"line":121,"column":6}},"13":{"start":{"line":75,"column":6},"end":{"line":75,"column":22}},"14":{"start":{"line":76,"column":6},"end":{"line":76,"column":23}},"15":{"start":{"line":78,"column":6},"end":{"line":118,"column":7}},"16":{"start":{"line":81,"column":24},"end":{"line":81,"column":59}},"17":{"start":{"line":83,"column":22},"end":{"line":83,"column":59}},"18":{"start":{"line":84,"column":10},"end":{"line":110,"column":11}},"19":{"start":{"line":85,"column":22},"end":{"line":93,"column":14}},"20":{"start":{"line":94,"column":12},"end":{"line":94,"column":39}},"21":{"start":{"line":96,"column":12},"end":{"line":96,"column":45}},"22":{"start":{"line":99,"column":12},"end":{"line":107,"column":13}},"23":{"start":{"line":100,"column":14},"end":{"line":100,"column":39}},"24":{"start":{"line":102,"column":14},"end":{"line":106,"column":15}},"25":{"start":{"line":103,"column":16},"end":{"line":104,"column":35}},"26":{"start":{"line":112,"column":8},"end":{"line":112,"column":24}},"27":{"start":{"line":115,"column":8},"end":{"line":117,"column":11}},"28":{"start":{"line":127,"column":17},"end":{"line":175,"column":3}},"29":{"start":{"line":128,"column":18},"end":{"line":128,"column":53}},"30":{"start":{"line":129,"column":16},"end":{"line":129,"column":54}},"31":{"start":{"line":132,"column":4},"end":{"line":174,"column":5}},"32":{"start":{"line":133,"column":18},"end":{"line":142,"column":8}},"33":{"start":{"line":144,"column":24},"end":{"line":144,"column":40}},"34":{"start":{"line":145,"column":22},"end":{"line":145,"column":42}},"35":{"start":{"line":148,"column":6},"end":{"line":164,"column":7}},"36":{"start":{"line":150,"column":8},"end":{"line":150,"column":33}},"37":{"start":{"line":153,"column":8},"end":{"line":153,"column":37}},"38":{"start":{"line":156,"column":8},"end":{"line":163,"column":9}},"39":{"start":{"line":158,"column":10},"end":{"line":160,"column":13}},"40":{"start":{"line":167,"column":6},"end":{"line":167,"column":23}},"41":{"start":{"line":171,"column":6},"end":{"line":173,"column":9}},"42":{"start":{"line":177,"column":28},"end":{"line":185,"column":3}},"43":{"start":{"line":179,"column":4},"end":{"line":182,"column":5}},"44":{"start":{"line":180,"column":6},"end":{"line":180,"column":40}},"45":{"start":{"line":181,"column":6},"end":{"line":181,"column":13}},"46":{"start":{"line":184,"column":4},"end":{"line":184,"column":13}},"47":{"start":{"line":187,"column":2},"end":{"line":396,"column":4}},"48":{"start":{"line":218,"column":18},"end":{"line":218,"column":122}},"49":{"start":{"line":293,"column":26},"end":{"line":296,"column":222}},"50":{"start":{"line":349,"column":26},"end":{"line":352,"column":224}},"51":{"start":{"line":401,"column":15},"end":{"line":600,"column":2}}},"fnMap":{"0":{"name":"HospitalAdminSearchBeds","decl":{"start":{"line":31,"column":9},"end":{"line":31,"column":32}},"loc":{"start":{"line":31,"column":49},"end":{"line":397,"column":1}},"line":31},"1":{"name":"handleSubmit1","decl":{"start":{"line":42,"column":11},"end":{"line":42,"column":24}},"loc":{"start":{"line":42,"column":27},"end":{"line":44,"column":3}},"line":42},"2":{"name":"handleSubmit2","decl":{"start":{"line":47,"column":11},"end":{"line":47,"column":24}},"loc":{"start":{"line":47,"column":27},"end":{"line":49,"column":3}},"line":47},"3":{"name":"(anonymous_3)","decl":{"start":{"line":53,"column":20},"end":{"line":53,"column":21}},"loc":{"start":{"line":54,"column":4},"end":{"line":56,"column":23}},"line":54},"4":{"name":"(anonymous_4)","decl":{"start":{"line":61,"column":21},"end":{"line":61,"column":22}},"loc":{"start":{"line":62,"column":4},"end":{"line":69,"column":23}},"line":62},"5":{"name":"(anonymous_5)","decl":{"start":{"line":73,"column":12},"end":{"line":73,"column":13}},"loc":{"start":{"line":73,"column":18},"end":{"line":123,"column":3}},"line":73},"6":{"name":"(anonymous_6)","decl":{"start":{"line":74,"column":56},"end":{"line":74,"column":57}},"loc":{"start":{"line":74,"column":62},"end":{"line":121,"column":5}},"line":74},"7":{"name":"loadFacilitys","decl":{"start":{"line":79,"column":23},"end":{"line":79,"column":36}},"loc":{"start":{"line":79,"column":39},"end":{"line":111,"column":9}},"line":79},"8":{"name":"(anonymous_8)","decl":{"start":{"line":127,"column":17},"end":{"line":127,"column":18}},"loc":{"start":{"line":127,"column":29},"end":{"line":175,"column":3}},"line":127},"9":{"name":"(anonymous_9)","decl":{"start":{"line":177,"column":28},"end":{"line":177,"column":29}},"loc":{"start":{"line":177,"column":34},"end":{"line":185,"column":3}},"line":177},"10":{"name":"(anonymous_10)","decl":{"start":{"line":217,"column":16},"end":{"line":217,"column":17}},"loc":{"start":{"line":218,"column":18},"end":{"line":218,"column":122}},"line":218},"11":{"name":"(anonymous_11)","decl":{"start":{"line":291,"column":24},"end":{"line":291,"column":25}},"loc":{"start":{"line":293,"column":26},"end":{"line":296,"column":222}},"line":293},"12":{"name":"(anonymous_12)","decl":{"start":{"line":347,"column":24},"end":{"line":347,"column":25}},"loc":{"start":{"line":349,"column":26},"end":{"line":352,"column":224}},"line":349}},"branchMap":{"0":{"loc":{"start":{"line":99,"column":12},"end":{"line":107,"column":13}},"type":"if","locations":[{"start":{"line":99,"column":12},"end":{"line":107,"column":13}},{"start":{"line":101,"column":19},"end":{"line":107,"column":13}}],"line":99},"1":{"loc":{"start":{"line":99,"column":16},"end":{"line":99,"column":78}},"type":"binary-expr","locations":[{"start":{"line":99,"column":16},"end":{"line":99,"column":34}},{"start":{"line":99,"column":38},"end":{"line":99,"column":56}},{"start":{"line":99,"column":60},"end":{"line":99,"column":78}}],"line":99},"2":{"loc":{"start":{"line":102,"column":14},"end":{"line":106,"column":15}},"type":"if","locations":[{"start":{"line":102,"column":14},"end":{"line":106,"column":15}},{"start":{},"end":{}}],"line":102},"3":{"loc":{"start":{"line":148,"column":6},"end":{"line":164,"column":7}},"type":"if","locations":[{"start":{"line":148,"column":6},"end":{"line":164,"column":7}},{"start":{"line":151,"column":13},"end":{"line":164,"column":7}}],"line":148},"4":{"loc":{"start":{"line":148,"column":10},"end":{"line":148,"column":72}},"type":"binary-expr","locations":[{"start":{"line":148,"column":10},"end":{"line":148,"column":28}},{"start":{"line":148,"column":32},"end":{"line":148,"column":50}},{"start":{"line":148,"column":54},"end":{"line":148,"column":72}}],"line":148},"5":{"loc":{"start":{"line":156,"column":8},"end":{"line":163,"column":9}},"type":"if","locations":[{"start":{"line":156,"column":8},"end":{"line":163,"column":9}},{"start":{},"end":{}}],"line":156},"6":{"loc":{"start":{"line":179,"column":4},"end":{"line":182,"column":5}},"type":"if","locations":[{"start":{"line":179,"column":4},"end":{"line":182,"column":5}},{"start":{},"end":{}}],"line":179},"7":{"loc":{"start":{"line":179,"column":8},"end":{"line":179,"column":47}},"type":"binary-expr","locations":[{"start":{"line":179,"column":8},"end":{"line":179,"column":19}},{"start":{"line":179,"column":23},"end":{"line":179,"column":47}}],"line":179},"8":{"loc":{"start":{"line":213,"column":13},"end":{"line":225,"column":20}},"type":"cond-expr","locations":[{"start":{"line":216,"column":14},"end":{"line":221,"column":15}},{"start":{"line":225,"column":15},"end":{"line":225,"column":19}}],"line":213},"9":{"loc":{"start":{"line":236,"column":9},"end":{"line":381,"column":18}},"type":"cond-expr","locations":[{"start":{"line":239,"column":10},"end":{"line":379,"column":26}},{"start":{"line":381,"column":13},"end":{"line":381,"column":17}}],"line":236},"10":{"loc":{"start":{"line":287,"column":21},"end":{"line":304,"column":28}},"type":"cond-expr","locations":[{"start":{"line":290,"column":22},"end":{"line":300,"column":23}},{"start":{"line":304,"column":23},"end":{"line":304,"column":27}}],"line":287},"11":{"loc":{"start":{"line":293,"column":26},"end":{"line":296,"column":222}},"type":"cond-expr","locations":[{"start":{"line":294,"column":28},"end":{"line":294,"column":221}},{"start":{"line":296,"column":29},"end":{"line":296,"column":221}}],"line":293},"12":{"loc":{"start":{"line":294,"column":136},"end":{"line":294,"column":208}},"type":"cond-expr","locations":[{"start":{"line":294,"column":186},"end":{"line":294,"column":196}},{"start":{"line":294,"column":201},"end":{"line":294,"column":207}}],"line":294},"13":{"loc":{"start":{"line":296,"column":136},"end":{"line":296,"column":208}},"type":"cond-expr","locations":[{"start":{"line":296,"column":186},"end":{"line":296,"column":196}},{"start":{"line":296,"column":201},"end":{"line":296,"column":207}}],"line":296},"14":{"loc":{"start":{"line":343,"column":21},"end":{"line":360,"column":28}},"type":"cond-expr","locations":[{"start":{"line":346,"column":22},"end":{"line":356,"column":23}},{"start":{"line":360,"column":23},"end":{"line":360,"column":27}}],"line":343},"15":{"loc":{"start":{"line":349,"column":26},"end":{"line":352,"column":224}},"type":"cond-expr","locations":[{"start":{"line":350,"column":28},"end":{"line":350,"column":223}},{"start":{"line":352,"column":29},"end":{"line":352,"column":223}}],"line":349},"16":{"loc":{"start":{"line":350,"column":137},"end":{"line":350,"column":210}},"type":"cond-expr","locations":[{"start":{"line":350,"column":188},"end":{"line":350,"column":198}},{"start":{"line":350,"column":203},"end":{"line":350,"column":209}}],"line":350},"17":{"loc":{"start":{"line":352,"column":137},"end":{"line":352,"column":210}},"type":"cond-expr","locations":[{"start":{"line":352,"column":188},"end":{"line":352,"column":198}},{"start":{"line":352,"column":203},"end":{"line":352,"column":209}}],"line":352}},"s":{"0":1,"1":1,"2":1,"3":1,"4":1,"5":0,"6":0,"7":1,"8":1,"9":1,"10":0,"11":1,"12":1,"13":0,"14":0,"15":0,"16":0,"17":0,"18":0,"19":0,"20":0,"21":0,"22":0,"23":0,"24":0,"25":0,"26":0,"27":0,"28":1,"29":0,"30":0,"31":0,"32":0,"33":0,"34":0,"35":0,"36":0,"37":0,"38":0,"39":0,"40":0,"41":0,"42":1,"43":1,"44":1,"45":1,"46":0,"47":1,"48":0,"49":0,"50":0,"51":1},"f":{"0":1,"1":0,"2":0,"3":1,"4":0,"5":1,"6":0,"7":0,"8":0,"9":1,"10":0,"11":0,"12":0},"b":{"0":[0,0],"1":[0,0,0],"2":[0,0],"3":[0,0],"4":[0,0,0],"5":[0,0],"6":[1,0],"7":[1,0],"8":[0,1],"9":[0,1],"10":[0,0],"11":[0,0],"12":[0,0],"13":[0,0],"14":[0,0],"15":[0,0],"16":[0,0],"17":[0,0]},"_coverageSchema":"1a1c01bbd47fc00a2c39e90264f33305004495a9","hash":"c331b3d9c54e5f9929dcc13e4d1e93ee7396b99a"}
,"C:\\Users\\user\\Desktop\\Final SEP\\Covid-Patient-tracker--App\\screens\\HospitalAdminScreens\\HospitalAdminTransfer.js": {"path":"C:\\Users\\user\\Desktop\\Final SEP\\Covid-Patient-tracker--App\\screens\\HospitalAdminScreens\\HospitalAdminTransfer.js","statementMap":{"0":{"start":{"line":31,"column":22},"end":{"line":31,"column":77}},"1":{"start":{"line":33,"column":32},"end":{"line":33,"column":44}},"2":{"start":{"line":36,"column":12},"end":{"line":36,"column":22}},"3":{"start":{"line":37,"column":13},"end":{"line":37,"column":87}},"4":{"start":{"line":38,"column":13},"end":{"line":38,"column":56}},"5":{"start":{"line":39,"column":19},"end":{"line":39,"column":36}},"6":{"start":{"line":44,"column":20},"end":{"line":49,"column":3}},"7":{"start":{"line":45,"column":4},"end":{"line":47,"column":23}},"8":{"start":{"line":51,"column":2},"end":{"line":58,"column":20}},"9":{"start":{"line":52,"column":24},"end":{"line":57,"column":6}},"10":{"start":{"line":54,"column":6},"end":{"line":54,"column":17}},"11":{"start":{"line":62,"column":19},"end":{"line":113,"column":3}},"12":{"start":{"line":63,"column":18},"end":{"line":63,"column":53}},"13":{"start":{"line":65,"column":16},"end":{"line":65,"column":46}},"14":{"start":{"line":68,"column":4},"end":{"line":112,"column":5}},"15":{"start":{"line":69,"column":18},"end":{"line":84,"column":8}},"16":{"start":{"line":86,"column":23},"end":{"line":86,"column":39}},"17":{"start":{"line":87,"column":22},"end":{"line":87,"column":41}},"18":{"start":{"line":89,"column":6},"end":{"line":106,"column":7}},"19":{"start":{"line":91,"column":8},"end":{"line":91,"column":33}},"20":{"start":{"line":94,"column":8},"end":{"line":94,"column":18}},"21":{"start":{"line":95,"column":8},"end":{"line":95,"column":22}},"22":{"start":{"line":96,"column":8},"end":{"line":96,"column":19}},"23":{"start":{"line":99,"column":8},"end":{"line":105,"column":9}},"24":{"start":{"line":100,"column":10},"end":{"line":102,"column":13}},"25":{"start":{"line":109,"column":6},"end":{"line":111,"column":9}},"26":{"start":{"line":115,"column":28},"end":{"line":130,"column":3}},"27":{"start":{"line":118,"column":4},"end":{"line":121,"column":5}},"28":{"start":{"line":119,"column":6},"end":{"line":119,"column":35}},"29":{"start":{"line":120,"column":6},"end":{"line":120,"column":13}},"30":{"start":{"line":123,"column":9},"end":{"line":127,"column":7}},"31":{"start":{"line":125,"column":8},"end":{"line":125,"column":51}},"32":{"start":{"line":126,"column":8},"end":{"line":126,"column":15}},"33":{"start":{"line":129,"column":6},"end":{"line":129,"column":17}},"34":{"start":{"line":132,"column":2},"end":{"line":182,"column":4}},"35":{"start":{"line":156,"column":34},"end":{"line":156,"column":43}},"36":{"start":{"line":172,"column":43},"end":{"line":172,"column":62}},"37":{"start":{"line":187,"column":15},"end":{"line":367,"column":2}}},"fnMap":{"0":{"name":"HospitalAdminTransfer","decl":{"start":{"line":27,"column":9},"end":{"line":27,"column":30}},"loc":{"start":{"line":27,"column":54},"end":{"line":183,"column":1}},"line":27},"1":{"name":"(anonymous_1)","decl":{"start":{"line":44,"column":20},"end":{"line":44,"column":21}},"loc":{"start":{"line":45,"column":4},"end":{"line":47,"column":23}},"line":45},"2":{"name":"(anonymous_2)","decl":{"start":{"line":51,"column":12},"end":{"line":51,"column":13}},"loc":{"start":{"line":51,"column":18},"end":{"line":58,"column":3}},"line":51},"3":{"name":"(anonymous_3)","decl":{"start":{"line":52,"column":56},"end":{"line":52,"column":57}},"loc":{"start":{"line":52,"column":62},"end":{"line":57,"column":5}},"line":52},"4":{"name":"(anonymous_4)","decl":{"start":{"line":62,"column":19},"end":{"line":62,"column":20}},"loc":{"start":{"line":62,"column":31},"end":{"line":113,"column":3}},"line":62},"5":{"name":"(anonymous_5)","decl":{"start":{"line":115,"column":28},"end":{"line":115,"column":29}},"loc":{"start":{"line":115,"column":34},"end":{"line":130,"column":3}},"line":115},"6":{"name":"(anonymous_6)","decl":{"start":{"line":156,"column":26},"end":{"line":156,"column":27}},"loc":{"start":{"line":156,"column":34},"end":{"line":156,"column":43}},"line":156},"7":{"name":"(anonymous_7)","decl":{"start":{"line":172,"column":26},"end":{"line":172,"column":27}},"loc":{"start":{"line":172,"column":43},"end":{"line":172,"column":62}},"line":172}},"branchMap":{"0":{"loc":{"start":{"line":31,"column":31},"end":{"line":31,"column":76}},"type":"cond-expr","locations":[{"start":{"line":31,"column":55},"end":{"line":31,"column":57}},{"start":{"line":31,"column":60},"end":{"line":31,"column":75}}],"line":31},"1":{"loc":{"start":{"line":89,"column":6},"end":{"line":106,"column":7}},"type":"if","locations":[{"start":{"line":89,"column":6},"end":{"line":106,"column":7}},{"start":{"line":92,"column":13},"end":{"line":106,"column":7}}],"line":89},"2":{"loc":{"start":{"line":89,"column":10},"end":{"line":89,"column":72}},"type":"binary-expr","locations":[{"start":{"line":89,"column":10},"end":{"line":89,"column":28}},{"start":{"line":89,"column":32},"end":{"line":89,"column":50}},{"start":{"line":89,"column":54},"end":{"line":89,"column":72}}],"line":89},"3":{"loc":{"start":{"line":99,"column":8},"end":{"line":105,"column":9}},"type":"if","locations":[{"start":{"line":99,"column":8},"end":{"line":105,"column":9}},{"start":{},"end":{}}],"line":99},"4":{"loc":{"start":{"line":118,"column":4},"end":{"line":121,"column":5}},"type":"if","locations":[{"start":{"line":118,"column":4},"end":{"line":121,"column":5}},{"start":{},"end":{}}],"line":118},"5":{"loc":{"start":{"line":123,"column":9},"end":{"line":127,"column":7}},"type":"if","locations":[{"start":{"line":123,"column":9},"end":{"line":127,"column":7}},{"start":{},"end":{}}],"line":123},"6":{"loc":{"start":{"line":123,"column":13},"end":{"line":123,"column":54}},"type":"binary-expr","locations":[{"start":{"line":123,"column":13},"end":{"line":123,"column":25}},{"start":{"line":123,"column":29},"end":{"line":123,"column":54}}],"line":123}},"s":{"0":4,"1":4,"2":4,"3":4,"4":4,"5":4,"6":4,"7":3,"8":4,"9":1,"10":0,"11":4,"12":1,"13":1,"14":1,"15":1,"16":0,"17":0,"18":0,"19":0,"20":0,"21":0,"22":0,"23":0,"24":0,"25":1,"26":4,"27":3,"28":1,"29":1,"30":2,"31":1,"32":1,"33":1,"34":4,"35":2,"36":1,"37":1},"f":{"0":4,"1":3,"2":1,"3":0,"4":1,"5":3,"6":2,"7":1},"b":{"0":[4,0],"1":[0,0],"2":[0,0,0],"3":[0,0],"4":[1,2],"5":[1,1],"6":[2,1]},"_coverageSchema":"1a1c01bbd47fc00a2c39e90264f33305004495a9","hash":"2393c8f7bcd02a46604c153f3c007f55810fbc34"}
}
