TN:
SF:dev.config.js
FNF:0
FNH:0
DA:1,1
LF:1
LH:1
BRF:0
BRH:0
end_of_record
TN:
SF:assets\logo.png
FNF:0
FNH:0
DA:1,1
LF:1
LH:1
BRF:0
BRH:0
end_of_record
TN:
SF:components\context.js
FNF:0
FNH:0
DA:3,1
LF:1
LH:1
BRF:0
BRH:0
end_of_record
TN:
SF:screens\Homepage.js
FN:13,Homepage
FN:36,(anonymous_1)
FN:47,(anonymous_2)
FNF:3
FNH:3
FNDA:1,Homepage
FNDA:1,(anonymous_1)
FNDA:1,(anonymous_2)
DA:18,1
DA:36,1
DA:47,1
DA:48,1
DA:60,1
LF:5
LH:5
BRF:0
BRH:0
end_of_record
TN:
SF:screens\Signin.js
FN:18,(anonymous_0)
FN:23,(anonymous_1)
FN:35,(anonymous_2)
FN:42,(anonymous_3)
FN:74,(anonymous_4)
FN:103,(anonymous_5)
FN:117,(anonymous_6)
FNF:7
FNH:6
FNDA:5,(anonymous_0)
FNDA:3,(anonymous_1)
FNDA:0,(anonymous_2)
FNDA:1,(anonymous_3)
FNDA:3,(anonymous_4)
FNDA:2,(anonymous_5)
FNDA:1,(anonymous_6)
DA:18,1
DA:19,5
DA:20,5
DA:21,5
DA:23,5
DA:24,3
DA:29,5
DA:30,5
DA:35,5
DA:36,0
DA:42,5
DA:43,1
DA:45,1
DA:46,1
DA:57,0
DA:59,0
DA:60,0
DA:62,0
DA:63,0
DA:68,1
DA:74,5
DA:75,3
DA:76,3
DA:77,1
DA:78,1
DA:80,2
DA:81,1
DA:82,1
DA:84,1
DA:87,5
DA:103,2
DA:117,1
DA:146,1
LF:33
LH:27
BRDA:59,0,0,0
BRDA:59,0,1,0
BRDA:62,1,0,0
BRDA:62,1,1,0
BRDA:76,2,0,1
BRDA:76,2,1,2
BRDA:80,3,0,1
BRDA:80,3,1,1
BRDA:113,4,0,5
BRDA:113,4,1,0
BRDA:121,5,0,5
BRDA:121,5,1,0
BRF:12
BRH:6
end_of_record
