TN:
SF:dev.config.js
FNF:0
FNH:0
DA:1,11
LF:1
LH:1
BRF:0
BRH:0
end_of_record
TN:
SF:assets\logo.png
FNF:0
FNH:0
DA:1,1
LF:1
LH:1
BRF:0
BRH:0
end_of_record
TN:
SF:components\context.js
FNF:0
FNH:0
DA:3,11
LF:1
LH:1
BRF:0
BRH:0
end_of_record
TN:
SF:screens\Homepage.js
FN:13,Homepage
FN:36,(anonymous_1)
FN:47,(anonymous_2)
FNF:3
FNH:3
FNDA:1,Homepage
FNDA:1,(anonymous_1)
FNDA:1,(anonymous_2)
DA:18,1
DA:36,1
DA:47,1
DA:48,1
DA:60,1
LF:5
LH:5
BRF:0
BRH:0
end_of_record
TN:
SF:screens\Signin.js
FN:18,(anonymous_0)
FN:23,(anonymous_1)
FN:35,(anonymous_2)
FN:42,(anonymous_3)
FN:74,(anonymous_4)
FN:103,(anonymous_5)
FN:117,(anonymous_6)
FNF:7
FNH:6
FNDA:5,(anonymous_0)
FNDA:3,(anonymous_1)
FNDA:0,(anonymous_2)
FNDA:1,(anonymous_3)
FNDA:3,(anonymous_4)
FNDA:2,(anonymous_5)
FNDA:1,(anonymous_6)
DA:18,1
DA:19,5
DA:20,5
DA:21,5
DA:23,5
DA:24,3
DA:29,5
DA:30,5
DA:35,5
DA:36,0
DA:42,5
DA:43,1
DA:45,1
DA:46,1
DA:57,0
DA:59,0
DA:60,0
DA:62,0
DA:63,0
DA:68,1
DA:74,5
DA:75,3
DA:76,3
DA:77,1
DA:78,1
DA:80,2
DA:81,1
DA:82,1
DA:84,1
DA:87,5
DA:103,2
DA:117,1
DA:146,1
LF:33
LH:27
BRDA:59,0,0,0
BRDA:59,0,1,0
BRDA:62,1,0,0
BRDA:62,1,1,0
BRDA:76,2,0,1
BRDA:76,2,1,2
BRDA:80,3,0,1
BRDA:80,3,1,1
BRDA:113,4,0,5
BRDA:113,4,1,0
BRDA:121,5,0,5
BRDA:121,5,1,0
BRF:12
BRH:6
end_of_record
TN:
SF:screens\DoctorScreens\DoctorAdmit.js
FN:30,DoctorAdmit
FN:55,(anonymous_1)
FN:85,(anonymous_2)
FN:89,(anonymous_3)
FN:110,(anonymous_4)
FN:117,(anonymous_5)
FN:125,(anonymous_6)
FN:133,(anonymous_7)
FN:156,(anonymous_8)
FN:157,(anonymous_9)
FN:167,loadbeds
FN:216,(anonymous_11)
FN:289,(anonymous_12)
FN:351,(anonymous_13)
FN:416,(anonymous_14)
FN:472,(anonymous_15)
FNF:16
FNH:7
FNDA:4,DoctorAdmit
FNDA:4,(anonymous_1)
FNDA:0,(anonymous_2)
FNDA:0,(anonymous_3)
FNDA:3,(anonymous_4)
FNDA:2,(anonymous_5)
FNDA:0,(anonymous_6)
FNDA:0,(anonymous_7)
FNDA:1,(anonymous_8)
FNDA:0,(anonymous_9)
FNDA:0,loadbeds
FNDA:0,(anonymous_11)
FNDA:2,(anonymous_12)
FNDA:1,(anonymous_13)
FNDA:0,(anonymous_14)
FNDA:0,(anonymous_15)
DA:34,4
DA:35,4
DA:36,4
DA:38,4
DA:39,4
DA:40,4
DA:41,4
DA:42,4
DA:44,4
DA:45,4
DA:46,4
DA:47,4
DA:50,4
DA:51,4
DA:52,4
DA:55,4
DA:56,4
DA:57,0
DA:60,4
DA:65,4
DA:66,4
DA:67,4
DA:68,4
DA:71,4
DA:72,4
DA:73,4
DA:74,4
DA:75,4
DA:79,4
DA:81,4
DA:85,4
DA:86,0
DA:89,4
DA:90,0
DA:91,0
DA:92,0
DA:93,0
DA:94,0
DA:99,0
DA:103,0
DA:104,0
DA:110,4
DA:111,3
DA:117,4
DA:120,2
DA:121,2
DA:122,2
DA:123,2
DA:124,0
DA:127,0
DA:132,0
DA:134,0
DA:139,0
DA:140,0
DA:142,0
DA:143,0
DA:147,0
DA:156,4
DA:157,1
DA:158,0
DA:159,0
DA:160,0
DA:161,0
DA:162,0
DA:163,0
DA:164,0
DA:165,0
DA:166,0
DA:169,0
DA:171,0
DA:172,0
DA:173,0
DA:182,0
DA:184,0
DA:187,0
DA:188,0
DA:190,0
DA:191,0
DA:199,0
DA:202,0
DA:216,4
DA:217,0
DA:219,0
DA:221,0
DA:222,0
DA:254,0
DA:255,0
DA:257,0
DA:259,0
DA:262,0
DA:263,0
DA:265,0
DA:266,0
DA:267,0
DA:268,0
DA:269,0
DA:273,0
DA:274,0
DA:283,0
DA:289,4
DA:291,2
DA:295,2
DA:296,1
DA:297,1
DA:299,1
DA:300,1
DA:301,1
DA:304,0
DA:305,0
DA:306,0
DA:308,0
DA:309,0
DA:310,0
DA:314,0
DA:315,0
DA:316,0
DA:319,0
DA:320,0
DA:321,0
DA:324,0
DA:327,4
DA:351,1
DA:416,0
DA:472,0
DA:572,1
LF:125
LH:52
BRDA:56,0,0,0
BRDA:56,0,1,4
BRDA:91,1,0,0
BRDA:91,1,1,0
BRDA:103,2,0,0
BRDA:103,2,1,0
BRDA:122,3,0,2
BRDA:122,3,1,0
BRDA:123,4,0,0
BRDA:123,4,1,2
BRDA:127,5,0,0
BRDA:127,5,1,0
BRDA:134,6,0,0
BRDA:134,6,1,0
BRDA:139,7,0,0
BRDA:139,7,1,0
BRDA:139,8,0,0
BRDA:139,8,1,0
BRDA:142,9,0,0
BRDA:142,9,1,0
BRDA:142,10,0,0
BRDA:142,10,1,0
BRDA:187,11,0,0
BRDA:187,11,1,0
BRDA:187,12,0,0
BRDA:187,12,1,0
BRDA:187,12,2,0
BRDA:190,13,0,0
BRDA:190,13,1,0
BRDA:257,14,0,0
BRDA:257,14,1,0
BRDA:257,15,0,0
BRDA:257,15,1,0
BRDA:257,15,2,0
BRDA:273,16,0,0
BRDA:273,16,1,0
BRDA:295,17,0,1
BRDA:295,17,1,1
BRDA:299,18,0,1
BRDA:299,18,1,0
BRDA:304,19,0,0
BRDA:304,19,1,0
BRDA:308,20,0,0
BRDA:308,20,1,0
BRDA:308,21,0,0
BRDA:308,21,1,0
BRDA:314,22,0,0
BRDA:314,22,1,0
BRDA:314,23,0,0
BRDA:314,23,1,0
BRDA:319,24,0,0
BRDA:319,24,1,0
BRDA:355,25,0,4
BRDA:355,25,1,0
BRDA:359,26,0,0
BRDA:359,26,1,0
BRDA:379,27,0,0
BRDA:379,27,1,4
BRF:58
BRH:8
end_of_record
TN:
SF:screens\DoctorScreens\DoctorDischarge.js
FN:28,DoctorDischarge
FN:45,(anonymous_1)
FN:51,(anonymous_2)
FN:52,(anonymous_3)
FN:66,(anonymous_4)
FN:118,(anonymous_5)
FN:159,(anonymous_6)
FN:175,(anonymous_7)
FNF:8
FNH:6
FNDA:4,DoctorDischarge
FNDA:3,(anonymous_1)
FNDA:1,(anonymous_2)
FNDA:0,(anonymous_3)
FNDA:1,(anonymous_4)
FNDA:3,(anonymous_5)
FNDA:2,(anonymous_6)
FNDA:0,(anonymous_7)
DA:30,4
DA:32,4
DA:33,4
DA:35,4
DA:38,4
DA:39,4
DA:40,4
DA:41,4
DA:45,4
DA:46,3
DA:51,4
DA:52,1
DA:55,0
DA:56,0
DA:58,0
DA:66,4
DA:67,1
DA:68,1
DA:71,1
DA:72,1
DA:88,0
DA:89,0
DA:91,0
DA:93,0
DA:97,0
DA:98,0
DA:99,0
DA:102,0
DA:103,0
DA:112,1
DA:118,4
DA:121,3
DA:122,1
DA:123,1
DA:125,2
DA:126,1
DA:127,1
DA:131,1
DA:134,4
DA:159,2
DA:175,0
DA:217,1
LF:42
LH:29
BRDA:30,0,0,4
BRDA:30,0,1,0
BRDA:91,1,0,0
BRDA:91,1,1,0
BRDA:91,2,0,0
BRDA:91,2,1,0
BRDA:91,2,2,0
BRDA:102,3,0,0
BRDA:102,3,1,0
BRDA:121,4,0,1
BRDA:121,4,1,2
BRDA:125,5,0,1
BRDA:125,5,1,1
BRF:13
BRH:5
end_of_record
TN:
SF:screens\DoctorScreens\DoctorEnterResults.js
FN:27,DoctorEnterResults
FN:42,(anonymous_1)
FN:50,(anonymous_2)
FN:51,(anonymous_3)
FN:61,(anonymous_4)
FN:114,(anonymous_5)
FN:162,(anonymous_6)
FNF:7
FNH:6
FNDA:6,DoctorEnterResults
FNDA:4,(anonymous_1)
FNDA:1,(anonymous_2)
FNDA:0,(anonymous_3)
FNDA:1,(anonymous_4)
FNDA:4,(anonymous_5)
FNDA:3,(anonymous_6)
DA:29,6
DA:30,6
DA:31,6
DA:33,6
DA:34,6
DA:35,6
DA:36,6
DA:38,6
DA:42,6
DA:43,4
DA:50,6
DA:51,1
DA:53,0
DA:54,0
DA:61,6
DA:62,1
DA:63,1
DA:66,1
DA:67,1
DA:86,0
DA:87,0
DA:89,0
DA:91,0
DA:94,0
DA:95,0
DA:96,0
DA:98,0
DA:99,0
DA:108,1
DA:114,6
DA:117,4
DA:118,1
DA:119,1
DA:122,3
DA:123,1
DA:124,1
DA:127,2
DA:128,1
DA:129,1
DA:134,1
DA:137,6
DA:162,3
DA:220,1
LF:43
LH:32
BRDA:29,0,0,6
BRDA:29,0,1,0
BRDA:89,1,0,0
BRDA:89,1,1,0
BRDA:89,2,0,0
BRDA:89,2,1,0
BRDA:89,2,2,0
BRDA:98,3,0,0
BRDA:98,3,1,0
BRDA:117,4,0,1
BRDA:117,4,1,3
BRDA:122,5,0,1
BRDA:122,5,1,2
BRDA:122,6,0,3
BRDA:122,6,1,2
BRDA:127,7,0,1
BRDA:127,7,1,1
BRDA:127,8,0,2
BRDA:127,8,1,1
BRF:19
BRH:11
end_of_record
TN:
SF:screens\DoctorScreens\DoctorSearchBeds.js
FN:31,DoctorSearchBeds
FN:42,handleSubmit1
FN:47,handleSubmit2
FN:51,(anonymous_3)
FN:58,(anonymous_4)
FN:70,(anonymous_5)
FN:71,(anonymous_6)
FN:76,loadFacilitys
FN:126,(anonymous_8)
FN:179,(anonymous_9)
FN:219,(anonymous_10)
FN:291,(anonymous_11)
FN:347,(anonymous_12)
FNF:13
FNH:5
FNDA:3,DoctorSearchBeds
FNDA:0,handleSubmit1
FNDA:0,handleSubmit2
FNDA:2,(anonymous_3)
FNDA:0,(anonymous_4)
FNDA:1,(anonymous_5)
FNDA:0,(anonymous_6)
FNDA:0,loadFacilitys
FNDA:1,(anonymous_8)
FNDA:2,(anonymous_9)
FNDA:0,(anonymous_10)
FNDA:0,(anonymous_11)
FNDA:0,(anonymous_12)
DA:34,3
DA:35,3
DA:36,3
DA:38,3
DA:39,3
DA:43,0
DA:48,0
DA:51,3
DA:52,2
DA:58,3
DA:59,0
DA:70,3
DA:71,1
DA:72,0
DA:73,0
DA:75,0
DA:78,0
DA:80,0
DA:81,0
DA:82,0
DA:91,0
DA:93,0
DA:96,0
DA:97,0
DA:99,0
DA:100,0
DA:111,0
DA:114,0
DA:126,3
DA:127,1
DA:129,1
DA:132,1
DA:133,1
DA:144,0
DA:149,0
DA:152,0
DA:154,0
DA:157,0
DA:161,0
DA:163,0
DA:172,1
DA:173,1
DA:179,3
DA:181,2
DA:182,1
DA:183,1
DA:186,1
DA:189,3
DA:220,0
DA:293,0
DA:349,0
DA:392,1
LF:52
LH:24
BRDA:96,0,0,0
BRDA:96,0,1,0
BRDA:96,1,0,0
BRDA:96,1,1,0
BRDA:96,1,2,0
BRDA:99,2,0,0
BRDA:99,2,1,0
BRDA:152,3,0,0
BRDA:152,3,1,0
BRDA:152,4,0,0
BRDA:152,4,1,0
BRDA:152,4,2,0
BRDA:161,5,0,0
BRDA:161,5,1,0
BRDA:181,6,0,1
BRDA:181,6,1,1
BRDA:181,7,0,2
BRDA:181,7,1,1
BRDA:215,8,0,0
BRDA:215,8,1,3
BRDA:240,9,0,0
BRDA:240,9,1,3
BRDA:287,10,0,0
BRDA:287,10,1,0
BRDA:293,11,0,0
BRDA:293,11,1,0
BRDA:294,12,0,0
BRDA:294,12,1,0
BRDA:296,13,0,0
BRDA:296,13,1,0
BRDA:343,14,0,0
BRDA:343,14,1,0
BRDA:349,15,0,0
BRDA:349,15,1,0
BRDA:350,16,0,0
BRDA:350,16,1,0
BRDA:352,17,0,0
BRDA:352,17,1,0
BRF:38
BRH:6
end_of_record
TN:
SF:screens\DoctorScreens\DoctorTransfer.js
FN:29,DoctorTransfer
FN:43,(anonymous_1)
FN:65,(anonymous_2)
FN:72,(anonymous_3)
FN:73,(anonymous_4)
FN:88,(anonymous_5)
FN:149,(anonymous_6)
FN:195,(anonymous_7)
FN:211,(anonymous_8)
FNF:9
FNH:7
FNDA:4,DoctorTransfer
FNDA:0,(anonymous_1)
FNDA:3,(anonymous_2)
FNDA:1,(anonymous_3)
FNDA:0,(anonymous_4)
FNDA:1,(anonymous_5)
FNDA:3,(anonymous_6)
FNDA:2,(anonymous_7)
FNDA:1,(anonymous_8)
DA:33,4
DA:34,4
DA:37,4
DA:38,4
DA:39,4
DA:40,4
DA:43,4
DA:44,0
DA:45,0
DA:46,0
DA:47,0
DA:48,0
DA:53,0
DA:57,0
DA:58,0
DA:65,4
DA:66,3
DA:72,4
DA:73,1
DA:78,0
DA:88,4
DA:89,1
DA:91,1
DA:94,1
DA:95,1
DA:116,0
DA:117,0
DA:119,0
DA:121,0
DA:124,0
DA:125,0
DA:126,0
DA:133,0
DA:134,0
DA:143,1
DA:149,4
DA:152,3
DA:153,1
DA:154,1
DA:157,2
DA:160,1
DA:161,1
DA:165,1
DA:171,4
DA:195,2
DA:211,1
DA:230,1
LF:47
LH:29
BRDA:33,0,0,4
BRDA:33,0,1,0
BRDA:45,1,0,0
BRDA:45,1,1,0
BRDA:57,2,0,0
BRDA:57,2,1,0
BRDA:119,3,0,0
BRDA:119,3,1,0
BRDA:119,4,0,0
BRDA:119,4,1,0
BRDA:119,4,2,0
BRDA:133,5,0,0
BRDA:133,5,1,0
BRDA:152,6,0,1
BRDA:152,6,1,2
BRDA:157,7,0,1
BRDA:157,7,1,1
BRDA:157,8,0,2
BRDA:157,8,1,1
BRF:19
BRH:7
end_of_record
TN:
SF:screens\HospitalAdminScreens\HospitalAdminAdmit.js
FN:30,HospitalAdminAdmit
FN:50,(anonymous_1)
FN:58,(anonymous_2)
FN:66,(anonymous_3)
FN:93,(anonymous_4)
FN:125,(anonymous_5)
FN:129,(anonymous_6)
FN:161,(anonymous_7)
FN:169,(anonymous_8)
FN:170,(anonymous_9)
FN:188,loadbeds
FN:240,(anonymous_11)
FN:317,(anonymous_12)
FN:385,(anonymous_13)
FN:428,(anonymous_14)
FN:496,(anonymous_15)
FN:514,(anonymous_16)
FN:578,(anonymous_17)
FNF:18
FNH:4
FNDA:1,HospitalAdminAdmit
FNDA:0,(anonymous_1)
FNDA:0,(anonymous_2)
FNDA:0,(anonymous_3)
FNDA:1,(anonymous_4)
FNDA:0,(anonymous_5)
FNDA:0,(anonymous_6)
FNDA:1,(anonymous_7)
FNDA:1,(anonymous_8)
FNDA:0,(anonymous_9)
FNDA:0,loadbeds
FNDA:0,(anonymous_11)
FNDA:0,(anonymous_12)
FNDA:0,(anonymous_13)
FNDA:0,(anonymous_14)
FNDA:0,(anonymous_15)
FNDA:0,(anonymous_16)
FNDA:0,(anonymous_17)
DA:33,1
DA:34,1
DA:35,1
DA:36,1
DA:37,1
DA:38,1
DA:39,1
DA:40,1
DA:42,1
DA:43,1
DA:44,1
DA:46,1
DA:47,1
DA:48,1
DA:50,1
DA:53,0
DA:54,0
DA:55,0
DA:56,0
DA:57,0
DA:60,0
DA:65,0
DA:67,0
DA:72,0
DA:73,0
DA:75,0
DA:76,0
DA:80,0
DA:89,1
DA:93,1
DA:94,1
DA:95,0
DA:98,1
DA:103,1
DA:104,1
DA:105,1
DA:107,1
DA:111,1
DA:112,1
DA:113,1
DA:114,1
DA:115,1
DA:119,1
DA:121,1
DA:125,1
DA:126,0
DA:129,1
DA:130,0
DA:131,0
DA:132,0
DA:133,0
DA:134,0
DA:139,0
DA:143,0
DA:144,0
DA:149,1
DA:155,1
DA:161,1
DA:162,1
DA:169,1
DA:170,1
DA:173,0
DA:174,0
DA:175,0
DA:176,0
DA:177,0
DA:178,0
DA:179,0
DA:181,0
DA:182,0
DA:183,0
DA:184,0
DA:185,0
DA:187,0
DA:190,0
DA:192,0
DA:193,0
DA:194,0
DA:203,0
DA:205,0
DA:209,0
DA:210,0
DA:212,0
DA:213,0
DA:222,0
DA:225,0
DA:240,1
DA:241,0
DA:242,0
DA:244,0
DA:245,0
DA:278,0
DA:279,0
DA:281,0
DA:283,0
DA:286,0
DA:287,0
DA:288,0
DA:289,0
DA:290,0
DA:291,0
DA:292,0
DA:294,0
DA:295,0
DA:296,0
DA:297,0
DA:298,0
DA:301,0
DA:302,0
DA:311,0
DA:317,1
DA:319,0
DA:322,0
DA:323,0
DA:324,0
DA:326,0
DA:327,0
DA:328,0
DA:330,0
DA:331,0
DA:332,0
DA:334,0
DA:335,0
DA:336,0
DA:338,0
DA:339,0
DA:340,0
DA:342,0
DA:343,0
DA:344,0
DA:348,0
DA:349,0
DA:350,0
DA:353,0
DA:354,0
DA:355,0
DA:358,0
DA:361,1
DA:385,0
DA:428,0
DA:496,0
DA:514,0
DA:578,0
DA:643,1
LF:144
LH:42
BRDA:55,0,0,0
BRDA:55,0,1,0
BRDA:56,1,0,0
BRDA:56,1,1,0
BRDA:60,2,0,0
BRDA:60,2,1,0
BRDA:67,3,0,0
BRDA:67,3,1,0
BRDA:72,4,0,0
BRDA:72,4,1,0
BRDA:72,5,0,0
BRDA:72,5,1,0
BRDA:75,6,0,0
BRDA:75,6,1,0
BRDA:75,7,0,0
BRDA:75,7,1,0
BRDA:94,8,0,0
BRDA:94,8,1,1
BRDA:131,9,0,0
BRDA:131,9,1,0
BRDA:143,10,0,0
BRDA:143,10,1,0
BRDA:209,11,0,0
BRDA:209,11,1,0
BRDA:209,12,0,0
BRDA:209,12,1,0
BRDA:209,12,2,0
BRDA:212,13,0,0
BRDA:212,13,1,0
BRDA:281,14,0,0
BRDA:281,14,1,0
BRDA:281,15,0,0
BRDA:281,15,1,0
BRDA:281,15,2,0
BRDA:301,16,0,0
BRDA:301,16,1,0
BRDA:322,17,0,0
BRDA:322,17,1,0
BRDA:326,18,0,0
BRDA:326,18,1,0
BRDA:330,19,0,0
BRDA:330,19,1,0
BRDA:334,20,0,0
BRDA:334,20,1,0
BRDA:334,21,0,0
BRDA:334,21,1,0
BRDA:338,22,0,0
BRDA:338,22,1,0
BRDA:342,23,0,0
BRDA:342,23,1,0
BRDA:342,24,0,0
BRDA:342,24,1,0
BRDA:348,25,0,0
BRDA:348,25,1,0
BRDA:348,26,0,0
BRDA:348,26,1,0
BRDA:353,27,0,0
BRDA:353,27,1,0
BRDA:389,28,0,1
BRDA:389,28,1,0
BRDA:393,29,0,0
BRDA:393,29,1,0
BRDA:412,30,0,0
BRDA:412,30,1,1
BRDA:585,31,0,0
BRDA:585,31,1,1
BRF:66
BRH:4
end_of_record
TN:
SF:screens\HospitalAdminScreens\HospitalAdminDischarge.js
FN:28,HospitalAdminDischarge
FN:45,(anonymous_1)
FN:65,(anonymous_2)
FN:72,(anonymous_3)
FN:73,(anonymous_4)
FN:87,(anonymous_5)
FN:139,(anonymous_6)
FN:179,(anonymous_7)
FN:195,(anonymous_8)
FNF:9
FNH:6
FNDA:4,HospitalAdminDischarge
FNDA:0,(anonymous_1)
FNDA:3,(anonymous_2)
FNDA:1,(anonymous_3)
FNDA:0,(anonymous_4)
FNDA:1,(anonymous_5)
FNDA:3,(anonymous_6)
FNDA:2,(anonymous_7)
FNDA:0,(anonymous_8)
DA:31,4
DA:33,4
DA:34,4
DA:39,4
DA:40,4
DA:41,4
DA:42,4
DA:45,4
DA:46,0
DA:47,0
DA:48,0
DA:49,0
DA:50,0
DA:55,0
DA:59,0
DA:60,0
DA:65,4
DA:66,3
DA:72,4
DA:73,1
DA:76,0
DA:77,0
DA:87,4
DA:88,1
DA:90,1
DA:92,1
DA:93,1
DA:109,0
DA:110,0
DA:112,0
DA:114,0
DA:118,0
DA:119,0
DA:120,0
DA:123,0
DA:124,0
DA:133,1
DA:139,4
DA:142,3
DA:143,1
DA:144,1
DA:146,2
DA:147,1
DA:148,1
DA:152,1
DA:155,4
DA:179,2
DA:195,0
DA:235,1
LF:49
LH:29
BRDA:31,0,0,4
BRDA:31,0,1,0
BRDA:47,1,0,0
BRDA:47,1,1,0
BRDA:59,2,0,0
BRDA:59,2,1,0
BRDA:112,3,0,0
BRDA:112,3,1,0
BRDA:112,4,0,0
BRDA:112,4,1,0
BRDA:112,4,2,0
BRDA:123,5,0,0
BRDA:123,5,1,0
BRDA:142,6,0,1
BRDA:142,6,1,2
BRDA:146,7,0,1
BRDA:146,7,1,1
BRF:17
BRH:5
end_of_record
TN:
SF:screens\HospitalAdminScreens\HospitalAdminEnterResults.js
FN:28,HospitalAdminEnterResults
FN:47,(anonymous_1)
FN:56,(anonymous_2)
FN:57,(anonymous_3)
FN:71,(anonymous_4)
FN:129,(anonymous_5)
FN:176,(anonymous_6)
FNF:7
FNH:6
FNDA:6,HospitalAdminEnterResults
FNDA:4,(anonymous_1)
FNDA:1,(anonymous_2)
FNDA:0,(anonymous_3)
FNDA:1,(anonymous_4)
FNDA:4,(anonymous_5)
FNDA:3,(anonymous_6)
DA:31,6
DA:32,6
DA:33,6
DA:38,6
DA:39,6
DA:40,6
DA:41,6
DA:43,6
DA:47,6
DA:48,4
DA:56,6
DA:57,1
DA:60,0
DA:61,0
DA:71,6
DA:72,1
DA:74,1
DA:76,1
DA:77,1
DA:96,0
DA:97,0
DA:99,0
DA:101,0
DA:106,0
DA:107,0
DA:108,0
DA:113,0
DA:114,0
DA:123,1
DA:129,6
DA:132,4
DA:133,1
DA:134,1
DA:138,3
DA:139,1
DA:140,1
DA:143,2
DA:144,1
DA:145,1
DA:148,1
DA:151,6
DA:176,3
DA:230,1
LF:43
LH:32
BRDA:31,0,0,6
BRDA:31,0,1,0
BRDA:99,1,0,0
BRDA:99,1,1,0
BRDA:99,2,0,0
BRDA:99,2,1,0
BRDA:99,2,2,0
BRDA:113,3,0,0
BRDA:113,3,1,0
BRDA:132,4,0,1
BRDA:132,4,1,3
BRDA:138,5,0,1
BRDA:138,5,1,2
BRDA:138,6,0,3
BRDA:138,6,1,2
BRDA:143,7,0,1
BRDA:143,7,1,1
BRDA:143,8,0,2
BRDA:143,8,1,1
BRF:19
BRH:11
end_of_record
TN:
SF:screens\HospitalAdminScreens\HospitalAdminSearchBeds.js
FN:31,HospitalAdminSearchBeds
FN:42,handleSubmit1
FN:47,handleSubmit2
FN:53,(anonymous_3)
FN:61,(anonymous_4)
FN:73,(anonymous_5)
FN:74,(anonymous_6)
FN:79,loadFacilitys
FN:127,(anonymous_8)
FN:177,(anonymous_9)
FN:217,(anonymous_10)
FN:291,(anonymous_11)
FN:347,(anonymous_12)
FNF:13
FNH:4
FNDA:1,HospitalAdminSearchBeds
FNDA:0,handleSubmit1
FNDA:0,handleSubmit2
FNDA:1,(anonymous_3)
FNDA:0,(anonymous_4)
FNDA:1,(anonymous_5)
FNDA:0,(anonymous_6)
FNDA:0,loadFacilitys
FNDA:0,(anonymous_8)
FNDA:1,(anonymous_9)
FNDA:0,(anonymous_10)
FNDA:0,(anonymous_11)
FNDA:0,(anonymous_12)
DA:34,1
DA:35,1
DA:36,1
DA:38,1
DA:39,1
DA:43,0
DA:48,0
DA:53,1
DA:54,1
DA:61,1
DA:62,0
DA:73,1
DA:74,1
DA:75,0
DA:76,0
DA:78,0
DA:81,0
DA:83,0
DA:84,0
DA:85,0
DA:94,0
DA:96,0
DA:99,0
DA:100,0
DA:102,0
DA:103,0
DA:112,0
DA:115,0
DA:127,1
DA:128,0
DA:129,0
DA:132,0
DA:133,0
DA:144,0
DA:145,0
DA:148,0
DA:150,0
DA:153,0
DA:156,0
DA:158,0
DA:167,0
DA:171,0
DA:177,1
DA:179,1
DA:180,1
DA:181,1
DA:184,0
DA:187,1
DA:218,0
DA:293,0
DA:349,0
DA:401,1
LF:52
LH:17
BRDA:99,0,0,0
BRDA:99,0,1,0
BRDA:99,1,0,0
BRDA:99,1,1,0
BRDA:99,1,2,0
BRDA:102,2,0,0
BRDA:102,2,1,0
BRDA:148,3,0,0
BRDA:148,3,1,0
BRDA:148,4,0,0
BRDA:148,4,1,0
BRDA:148,4,2,0
BRDA:156,5,0,0
BRDA:156,5,1,0
BRDA:179,6,0,1
BRDA:179,6,1,0
BRDA:179,7,0,1
BRDA:179,7,1,0
BRDA:213,8,0,0
BRDA:213,8,1,1
BRDA:236,9,0,0
BRDA:236,9,1,1
BRDA:287,10,0,0
BRDA:287,10,1,0
BRDA:293,11,0,0
BRDA:293,11,1,0
BRDA:294,12,0,0
BRDA:294,12,1,0
BRDA:296,13,0,0
BRDA:296,13,1,0
BRDA:343,14,0,0
BRDA:343,14,1,0
BRDA:349,15,0,0
BRDA:349,15,1,0
BRDA:350,16,0,0
BRDA:350,16,1,0
BRDA:352,17,0,0
BRDA:352,17,1,0
BRF:38
BRH:4
end_of_record
TN:
SF:screens\HospitalAdminScreens\HospitalAdminTransfer.js
FN:27,HospitalAdminTransfer
FN:44,(anonymous_1)
FN:51,(anonymous_2)
FN:52,(anonymous_3)
FN:62,(anonymous_4)
FN:115,(anonymous_5)
FN:156,(anonymous_6)
FN:172,(anonymous_7)
FNF:8
FNH:7
FNDA:4,HospitalAdminTransfer
FNDA:3,(anonymous_1)
FNDA:1,(anonymous_2)
FNDA:0,(anonymous_3)
FNDA:1,(anonymous_4)
FNDA:3,(anonymous_5)
FNDA:2,(anonymous_6)
FNDA:1,(anonymous_7)
DA:31,4
DA:33,4
DA:36,4
DA:37,4
DA:38,4
DA:39,4
DA:44,4
DA:45,3
DA:51,4
DA:52,1
DA:54,0
DA:62,4
DA:63,1
DA:65,1
DA:68,1
DA:69,1
DA:86,0
DA:87,0
DA:89,0
DA:91,0
DA:94,0
DA:95,0
DA:96,0
DA:99,0
DA:100,0
DA:109,1
DA:115,4
DA:118,3
DA:119,1
DA:120,1
DA:123,2
DA:125,1
DA:126,1
DA:129,1
DA:132,4
DA:156,2
DA:172,1
DA:187,1
LF:38
LH:28
BRDA:31,0,0,4
BRDA:31,0,1,0
BRDA:89,1,0,0
BRDA:89,1,1,0
BRDA:89,2,0,0
BRDA:89,2,1,0
BRDA:89,2,2,0
BRDA:99,3,0,0
BRDA:99,3,1,0
BRDA:118,4,0,1
BRDA:118,4,1,2
BRDA:123,5,0,1
BRDA:123,5,1,1
BRDA:123,6,0,2
BRDA:123,6,1,1
BRF:15
BRH:7
end_of_record
